<?xml version="1.0" encoding="utf-8"?>
<CoverageSession xmlns:xsd="http://www.w3.org/2001/XMLSchema" xmlns:xsi="http://www.w3.org/2001/XMLSchema-instance" Version="4.7.1221.0">
  <Summary numSequencePoints="323" visitedSequencePoints="194" numBranchPoints="121" visitedBranchPoints="63" sequenceCoverage="60.06" branchCoverage="52.07" maxCyclomaticComplexity="13" minCyclomaticComplexity="1" maxCrapScore="182" minCrapScore="1" visitedClasses="21" numClasses="35" visitedMethods="44" numMethods="95" />
  <Modules>
    <Module skippedDueTo="Filter" hash="BB-CB-96-54-A3-20-D8-37-13-F0-CB-A9-54-DF-9D-2D-6D-2F-D4-57">
      <ModulePath>C:\Program Files\dotnet\shared\Microsoft.NETCore.App\5.0.6\System.Private.CoreLib.dll</ModulePath>
      <ModuleTime>2021-04-21T02:03:52Z</ModuleTime>
      <ModuleName>System.Private.CoreLib</ModuleName>
      <Classes />
    </Module>
    <Module skippedDueTo="Filter" hash="F8-37-50-D1-71-59-8F-8C-83-14-C0-DC-0B-AC-9A-AF-5A-25-B5-4C">
      <ModulePath>C:\Program Files\dotnet\sdk\5.0.203\dotnet.dll</ModulePath>
      <ModuleTime>2021-04-24T01:36:38Z</ModuleTime>
      <ModuleName>dotnet</ModuleName>
      <Classes />
    </Module>
    <Module skippedDueTo="Filter" hash="BC-4D-6A-23-98-BC-0A-A5-5B-BA-B4-CA-4D-E0-EF-EE-C1-80-F6-FD">
      <ModulePath>C:\Program Files\dotnet\shared\Microsoft.NETCore.App\5.0.6\System.Runtime.dll</ModulePath>
      <ModuleTime>2021-04-21T02:08:26Z</ModuleTime>
      <ModuleName>System.Runtime</ModuleName>
      <Classes />
    </Module>
    <Module skippedDueTo="Filter" hash="B0-BF-00-73-49-F0-F8-4B-E4-D9-49-65-A9-1D-F2-E2-16-7F-A1-71">
      <ModulePath>C:\Program Files\dotnet\shared\Microsoft.NETCore.App\5.0.6\System.Diagnostics.Tracing.dll</ModulePath>
      <ModuleTime>2021-04-21T02:08:10Z</ModuleTime>
      <ModuleName>System.Diagnostics.Tracing</ModuleName>
      <Classes />
    </Module>
    <Module skippedDueTo="Filter" hash="1F-D5-93-01-F8-D2-E6-85-0C-DC-8A-F7-1A-92-32-88-EE-16-36-9D">
      <ModulePath>C:\Program Files\dotnet\shared\Microsoft.NETCore.App\5.0.6\System.Diagnostics.Process.dll</ModulePath>
      <ModuleTime>2021-04-21T02:07:40Z</ModuleTime>
      <ModuleName>System.Diagnostics.Process</ModuleName>
      <Classes />
    </Module>
    <Module skippedDueTo="Filter" hash="D5-6A-25-97-7F-08-6C-80-00-A6-81-47-AA-DB-EB-3B-3A-81-36-A0">
      <ModulePath>C:\Program Files\dotnet\shared\Microsoft.NETCore.App\5.0.6\System.ComponentModel.Primitives.dll</ModulePath>
      <ModuleTime>2021-04-21T02:09:02Z</ModuleTime>
      <ModuleName>System.ComponentModel.Primitives</ModuleName>
      <Classes />
    </Module>
    <Module skippedDueTo="Filter" hash="D1-1F-51-7A-42-1C-E4-A2-2B-72-88-69-EA-BB-3B-9C-65-6B-CD-56">
      <ModulePath>C:\Program Files\dotnet\sdk\5.0.203\Microsoft.DotNet.Cli.Utils.dll</ModulePath>
      <ModuleTime>2021-04-24T01:36:46Z</ModuleTime>
      <ModuleName>Microsoft.DotNet.Cli.Utils</ModuleName>
      <Classes />
    </Module>
    <Module skippedDueTo="Filter" hash="70-56-FB-50-28-C6-E2-60-64-97-05-73-3B-EF-04-5B-EA-90-11-D2">
      <ModulePath>C:\Program Files\dotnet\sdk\5.0.203\Microsoft.DotNet.InternalAbstractions.dll</ModulePath>
      <ModuleTime>2021-04-24T01:37:14Z</ModuleTime>
      <ModuleName>Microsoft.DotNet.InternalAbstractions</ModuleName>
      <Classes />
    </Module>
    <Module skippedDueTo="Filter" hash="64-37-C8-45-0C-47-0E-7C-A2-72-FC-41-05-22-81-BD-33-AA-53-3E">
      <ModulePath>C:\Program Files\dotnet\shared\Microsoft.NETCore.App\5.0.6\netstandard.dll</ModulePath>
      <ModuleTime>2021-04-21T02:07:40Z</ModuleTime>
      <ModuleName>netstandard</ModuleName>
      <Classes />
    </Module>
    <Module skippedDueTo="Filter" hash="A6-97-C1-98-E5-8F-A1-5A-5C-D8-CD-43-67-0A-CC-04-1C-66-BF-7B">
      <ModulePath>C:\Program Files\dotnet\shared\Microsoft.NETCore.App\5.0.6\Microsoft.Win32.Primitives.dll</ModulePath>
      <ModuleTime>2021-04-21T02:08:38Z</ModuleTime>
      <ModuleName>Microsoft.Win32.Primitives</ModuleName>
      <Classes />
    </Module>
    <Module skippedDueTo="Filter" hash="C6-F7-7D-F5-48-B0-58-86-D2-89-53-A6-69-4E-B8-D2-95-11-07-97">
      <ModulePath>C:\Program Files\dotnet\shared\Microsoft.NETCore.App\5.0.6\System.Runtime.InteropServices.dll</ModulePath>
      <ModuleTime>2021-04-21T02:09:16Z</ModuleTime>
      <ModuleName>System.Runtime.InteropServices</ModuleName>
      <Classes />
    </Module>
    <Module skippedDueTo="Filter" hash="28-B9-84-5F-98-E7-1B-60-18-68-42-23-DF-C5-20-25-67-97-A1-0B">
      <ModulePath>C:\Program Files\dotnet\shared\Microsoft.NETCore.App\5.0.6\System.Runtime.Loader.dll</ModulePath>
      <ModuleTime>2021-04-21T02:08:02Z</ModuleTime>
      <ModuleName>System.Runtime.Loader</ModuleName>
      <Classes />
    </Module>
    <Module skippedDueTo="Filter" hash="E5-BA-99-4A-55-0F-EC-7D-F7-5B-C0-93-C4-6B-3E-A3-B9-3E-C4-E5">
      <ModulePath>C:\Program Files\dotnet\shared\Microsoft.NETCore.App\5.0.6\System.Runtime.InteropServices.RuntimeInformation.dll</ModulePath>
      <ModuleTime>2021-04-21T02:08:00Z</ModuleTime>
      <ModuleName>System.Runtime.InteropServices.RuntimeInformation</ModuleName>
      <Classes />
    </Module>
    <Module skippedDueTo="Filter" hash="A4-88-5A-7A-E9-58-06-21-C1-D0-93-5D-6C-52-19-94-1E-A5-7D-04">
      <ModulePath>C:\Program Files\dotnet\shared\Microsoft.NETCore.App\5.0.6\System.IO.FileSystem.dll</ModulePath>
      <ModuleTime>2021-04-21T02:09:48Z</ModuleTime>
      <ModuleName>System.IO.FileSystem</ModuleName>
      <Classes />
    </Module>
    <Module skippedDueTo="Filter" hash="06-16-31-64-FD-8A-A5-F3-B1-2C-E1-BB-C1-74-2D-02-7A-97-88-B5">
      <ModulePath>C:\Program Files\dotnet\shared\Microsoft.NETCore.App\5.0.6\System.Memory.dll</ModulePath>
      <ModuleTime>2021-04-21T02:09:04Z</ModuleTime>
      <ModuleName>System.Memory</ModuleName>
      <Classes />
    </Module>
    <Module skippedDueTo="Filter" hash="6C-FE-23-AB-C1-93-CF-EA-E1-20-88-76-65-F9-84-84-EF-9B-5F-B4">
      <ModulePath>C:\Program Files\dotnet\shared\Microsoft.NETCore.App\5.0.6\System.Text.Encoding.CodePages.dll</ModulePath>
      <ModuleTime>2021-04-21T02:08:54Z</ModuleTime>
      <ModuleName>System.Text.Encoding.CodePages</ModuleName>
      <Classes />
    </Module>
    <Module skippedDueTo="Filter" hash="CD-B3-BE-90-02-0B-D5-0B-A6-0C-F9-23-DE-B4-F9-82-38-B2-DC-41">
      <ModulePath>C:\Program Files\dotnet\shared\Microsoft.NETCore.App\5.0.6\System.Collections.dll</ModulePath>
      <ModuleTime>2021-04-21T02:08:36Z</ModuleTime>
      <ModuleName>System.Collections</ModuleName>
      <Classes />
    </Module>
    <Module skippedDueTo="Filter" hash="1A-1F-2E-19-1B-E2-1E-3F-FA-57-90-EE-D2-5A-66-0E-D9-0C-E5-59">
      <ModulePath>C:\Program Files\dotnet\shared\Microsoft.NETCore.App\5.0.6\System.Threading.dll</ModulePath>
      <ModuleTime>2021-04-21T02:08:04Z</ModuleTime>
      <ModuleName>System.Threading</ModuleName>
      <Classes />
    </Module>
    <Module skippedDueTo="Filter" hash="23-5D-A7-28-B1-76-A2-9B-52-DB-12-48-6C-3E-5E-24-71-E2-00-BC">
      <ModulePath>C:\Program Files\dotnet\shared\Microsoft.NETCore.App\5.0.6\System.Collections.Concurrent.dll</ModulePath>
      <ModuleTime>2021-04-21T02:08:36Z</ModuleTime>
      <ModuleName>System.Collections.Concurrent</ModuleName>
      <Classes />
    </Module>
    <Module skippedDueTo="Filter" hash="66-87-2D-12-7A-17-17-10-2F-29-BA-EA-3B-59-9D-B3-38-91-82-C4">
      <ModulePath>C:\Program Files\dotnet\shared\Microsoft.NETCore.App\5.0.6\System.Threading.Thread.dll</ModulePath>
      <ModuleTime>2021-04-21T02:07:38Z</ModuleTime>
      <ModuleName>System.Threading.Thread</ModuleName>
      <Classes />
    </Module>
    <Module skippedDueTo="Filter" hash="62-40-8C-E9-EE-13-D0-F6-77-56-9F-AF-82-A3-33-7F-18-BE-F5-80">
      <ModulePath>C:\Program Files\dotnet\sdk\5.0.203\Microsoft.DotNet.Configurer.dll</ModulePath>
      <ModuleTime>2021-04-24T01:36:44Z</ModuleTime>
      <ModuleName>Microsoft.DotNet.Configurer</ModuleName>
      <Classes />
    </Module>
    <Module skippedDueTo="Filter" hash="A1-A6-43-1C-FF-61-DC-FA-67-E8-74-AB-3A-68-F4-91-F6-0F-B7-55">
      <ModulePath>C:\Program Files\dotnet\sdk\5.0.203\Microsoft.DotNet.Cli.CommandLine.dll</ModulePath>
      <ModuleTime>2021-04-24T01:36:42Z</ModuleTime>
      <ModuleName>Microsoft.DotNet.Cli.CommandLine</ModuleName>
      <Classes />
    </Module>
    <Module skippedDueTo="Filter" hash="B2-75-4E-86-4E-5A-A4-D9-A1-DB-BF-92-60-A1-C8-37-5E-2D-F4-79">
      <ModulePath>C:\Program Files\dotnet\shared\Microsoft.NETCore.App\5.0.6\System.Linq.dll</ModulePath>
      <ModuleTime>2021-04-21T02:08:40Z</ModuleTime>
      <ModuleName>System.Linq</ModuleName>
      <Classes />
    </Module>
    <Module skippedDueTo="Filter" hash="8A-CE-16-A2-29-CF-8C-92-AF-78-F0-9F-61-50-1C-BD-F5-D9-77-4F">
      <ModulePath>C:\Program Files\dotnet\sdk\5.0.203\NuGet.Frameworks.dll</ModulePath>
      <ModuleTime>2021-04-24T01:36:04Z</ModuleTime>
      <ModuleName>NuGet.Frameworks</ModuleName>
      <Classes />
    </Module>
    <Module skippedDueTo="Filter" hash="26-3B-04-D3-56-56-D3-3F-98-B0-11-5B-34-17-F9-3F-29-04-25-65">
      <ModulePath>C:\Program Files\dotnet\shared\Microsoft.NETCore.App\5.0.6\System.Console.dll</ModulePath>
      <ModuleTime>2021-04-21T02:07:40Z</ModuleTime>
      <ModuleName>System.Console</ModuleName>
      <Classes />
    </Module>
    <Module skippedDueTo="Filter" hash="AB-FD-36-92-73-99-D0-9B-A6-44-F9-F9-9E-46-2F-01-B2-32-A5-9F">
      <ModulePath>C:\Program Files\dotnet\shared\Microsoft.NETCore.App\5.0.6\System.Text.Encoding.Extensions.dll</ModulePath>
      <ModuleTime>2021-04-21T02:08:54Z</ModuleTime>
      <ModuleName>System.Text.Encoding.Extensions</ModuleName>
      <Classes />
    </Module>
    <Module skippedDueTo="Filter" hash="F4-91-74-05-E3-19-DC-AB-6D-D8-10-9C-B7-A5-C2-7D-08-A1-7E-D5">
      <ModulePath>C:\Program Files\dotnet\shared\Microsoft.NETCore.App\5.0.6\System.Runtime.CompilerServices.Unsafe.dll</ModulePath>
      <ModuleTime>2021-04-21T02:08:00Z</ModuleTime>
      <ModuleName>System.Runtime.CompilerServices.Unsafe</ModuleName>
      <Classes />
    </Module>
    <Module skippedDueTo="Filter" hash="C7-F4-A8-D9-37-26-22-F8-D9-13-9E-94-A4-98-1A-3A-E7-A3-F0-44">
      <ModulePath>C:\Program Files\dotnet\sdk\5.0.203\Microsoft.ApplicationInsights.dll</ModulePath>
      <ModuleTime>2021-04-24T01:36:40Z</ModuleTime>
      <ModuleName>Microsoft.ApplicationInsights</ModuleName>
      <Classes />
    </Module>
    <Module skippedDueTo="Filter" hash="4E-80-E7-38-D7-0E-6C-30-4E-6B-23-31-DF-D8-9C-58-D9-BD-7E-75">
      <ModulePath>C:\Program Files\dotnet\shared\Microsoft.NETCore.App\5.0.6\System.Private.Uri.dll</ModulePath>
      <ModuleTime>2021-04-21T02:07:36Z</ModuleTime>
      <ModuleName>System.Private.Uri</ModuleName>
      <Classes />
    </Module>
    <Module skippedDueTo="Filter" hash="52-29-EA-58-AB-5E-D9-0C-BC-34-4C-B0-22-9E-F3-DA-E1-13-A8-4F">
      <ModulePath>C:\Program Files\dotnet\shared\Microsoft.NETCore.App\5.0.6\System.Reflection.Extensions.dll</ModulePath>
      <ModuleTime>2021-04-21T02:08:28Z</ModuleTime>
      <ModuleName>System.Reflection.Extensions</ModuleName>
      <Classes />
    </Module>
    <Module skippedDueTo="Filter" hash="8C-37-0A-4A-05-33-FF-D6-0E-49-EC-FC-D6-9F-55-4A-B9-5A-73-6C">
      <ModulePath>C:\Program Files\dotnet\shared\Microsoft.NETCore.App\5.0.6\System.Reflection.dll</ModulePath>
      <ModuleTime>2021-04-21T02:08:54Z</ModuleTime>
      <ModuleName>System.Reflection</ModuleName>
      <Classes />
    </Module>
    <Module skippedDueTo="Filter" hash="36-82-82-08-B7-16-21-56-48-14-BC-7E-63-3C-CC-26-58-47-0E-01">
      <ModulePath>C:\Program Files\dotnet\shared\Microsoft.NETCore.App\5.0.6\System.Xml.XDocument.dll</ModulePath>
      <ModuleTime>2021-04-21T02:08:10Z</ModuleTime>
      <ModuleName>System.Xml.XDocument</ModuleName>
      <Classes />
    </Module>
    <Module skippedDueTo="Filter" hash="02-41-2B-52-11-94-CA-07-39-12-B2-4B-1B-33-BC-48-D1-2F-B1-C8">
      <ModulePath>C:\Program Files\dotnet\shared\Microsoft.NETCore.App\5.0.6\System.Private.Xml.Linq.dll</ModulePath>
      <ModuleTime>2021-04-21T02:07:58Z</ModuleTime>
      <ModuleName>System.Private.Xml.Linq</ModuleName>
      <Classes />
    </Module>
    <Module skippedDueTo="Filter" hash="40-F0-E8-02-D0-A8-E8-9E-58-38-02-F0-84-5A-87-5F-98-31-17-A5">
      <ModulePath>C:\Program Files\dotnet\shared\Microsoft.NETCore.App\5.0.6\System.Security.Cryptography.Algorithms.dll</ModulePath>
      <ModuleTime>2021-04-21T02:08:04Z</ModuleTime>
      <ModuleName>System.Security.Cryptography.Algorithms</ModuleName>
      <Classes />
    </Module>
    <Module skippedDueTo="Filter" hash="DF-B9-06-14-33-8A-FD-68-44-63-89-61-48-C2-99-18-8E-02-D6-DE">
      <ModulePath>C:\Program Files\dotnet\shared\Microsoft.NETCore.App\5.0.6\System.Security.Cryptography.Primitives.dll</ModulePath>
      <ModuleTime>2021-04-21T02:08:30Z</ModuleTime>
      <ModuleName>System.Security.Cryptography.Primitives</ModuleName>
      <Classes />
    </Module>
    <Module skippedDueTo="Filter" hash="85-D9-7A-BA-2A-90-01-7B-F1-67-FE-8E-3F-0D-E4-D2-6B-58-3F-2D">
      <ModulePath>C:\Program Files\dotnet\shared\Microsoft.NETCore.App\5.0.6\System.Private.Xml.dll</ModulePath>
      <ModuleTime>2021-04-21T02:09:36Z</ModuleTime>
      <ModuleName>System.Private.Xml</ModuleName>
      <Classes />
    </Module>
    <Module skippedDueTo="Filter" hash="B3-E4-0F-01-C3-EF-39-27-6A-93-07-1E-F2-5F-8C-8F-BB-29-B8-68">
      <ModulePath>C:\Program Files\dotnet\sdk\5.0.203\Microsoft.TemplateEngine.Cli.dll</ModulePath>
      <ModuleTime>2021-04-24T01:36:50Z</ModuleTime>
      <ModuleName>Microsoft.TemplateEngine.Cli</ModuleName>
      <Classes />
    </Module>
    <Module skippedDueTo="Filter" hash="AC-B5-77-D5-85-33-3B-79-AA-DB-20-09-0F-90-7A-17-C0-3F-78-FD">
      <ModulePath>C:\Program Files\dotnet\shared\Microsoft.NETCore.App\5.0.6\System.Xml.ReaderWriter.dll</ModulePath>
      <ModuleTime>2021-04-21T02:07:50Z</ModuleTime>
      <ModuleName>System.Xml.ReaderWriter</ModuleName>
      <Classes />
    </Module>
    <Module skippedDueTo="Filter" hash="2D-7A-61-24-6E-31-96-A8-25-20-42-C8-3C-41-8E-8B-00-3D-A0-70">
      <ModulePath>C:\Program Files\dotnet\shared\Microsoft.NETCore.App\5.0.6\System.Threading.Tasks.dll</ModulePath>
      <ModuleTime>2021-04-21T02:08:32Z</ModuleTime>
      <ModuleName>System.Threading.Tasks</ModuleName>
      <Classes />
    </Module>
    <Module skippedDueTo="Filter" hash="9B-FD-09-A6-D2-44-7E-8D-B6-DF-55-10-B9-A7-21-DA-19-76-E1-BF">
      <ModulePath>C:\Program Files\dotnet\shared\Microsoft.NETCore.App\5.0.6\System.Globalization.dll</ModulePath>
      <ModuleTime>2021-04-21T02:08:40Z</ModuleTime>
      <ModuleName>System.Globalization</ModuleName>
      <Classes />
    </Module>
    <Module skippedDueTo="Filter" hash="93-D2-12-06-48-E7-56-71-97-32-18-71-B4-35-C2-6E-10-68-50-E0">
      <ModulePath>C:\Program Files\dotnet\shared\Microsoft.NETCore.App\5.0.6\System.Text.RegularExpressions.dll</ModulePath>
      <ModuleTime>2021-04-21T02:07:38Z</ModuleTime>
      <ModuleName>System.Text.RegularExpressions</ModuleName>
      <Classes />
    </Module>
    <Module skippedDueTo="Filter" hash="0C-FA-09-D4-DD-DC-72-43-E5-7A-48-E6-9F-9D-BA-9E-D9-3B-DC-C1">
      <ModulePath>C:\Program Files\dotnet\shared\Microsoft.NETCore.App\5.0.6\System.Reflection.Emit.ILGeneration.dll</ModulePath>
      <ModuleTime>2021-04-21T02:08:54Z</ModuleTime>
      <ModuleName>System.Reflection.Emit.ILGeneration</ModuleName>
      <Classes />
    </Module>
    <Module skippedDueTo="Filter" hash="BE-A4-AC-37-B9-8D-7B-6C-24-51-FA-41-F5-A6-A8-EA-AA-BB-E8-38">
      <ModulePath>C:\Program Files\dotnet\shared\Microsoft.NETCore.App\5.0.6\System.Reflection.Emit.Lightweight.dll</ModulePath>
      <ModuleTime>2021-04-21T02:07:36Z</ModuleTime>
      <ModuleName>System.Reflection.Emit.Lightweight</ModuleName>
      <Classes />
    </Module>
    <Module skippedDueTo="Filter" hash="1B-BA-41-FA-36-EF-D6-19-A0-83-5C-24-F6-C8-68-15-99-C3-2D-C8">
      <ModulePath>C:\Program Files\dotnet\shared\Microsoft.NETCore.App\5.0.6\Microsoft.Win32.Registry.dll</ModulePath>
      <ModuleTime>2021-04-21T02:09:26Z</ModuleTime>
      <ModuleName>Microsoft.Win32.Registry</ModuleName>
      <Classes />
    </Module>
    <Module skippedDueTo="Filter" hash="A9-BC-C7-60-03-C9-D8-AA-5B-04-B8-4E-3D-67-D3-19-77-4F-E4-90">
      <ModulePath>C:\Program Files\dotnet\shared\Microsoft.NETCore.App\5.0.6\System.Reflection.Primitives.dll</ModulePath>
      <ModuleTime>2021-04-21T02:11:50Z</ModuleTime>
      <ModuleName>System.Reflection.Primitives</ModuleName>
      <Classes />
    </Module>
    <Module skippedDueTo="Filter" hash="78-15-3B-B7-01-B2-10-79-67-AF-46-76-AF-8D-29-9B-C8-7C-2E-D9">
      <ModulePath>C:\Program Files\dotnet\shared\Microsoft.NETCore.App\5.0.6\System.Diagnostics.Tools.dll</ModulePath>
      <ModuleTime>2021-04-21T02:08:38Z</ModuleTime>
      <ModuleName>System.Diagnostics.Tools</ModuleName>
      <Classes />
    </Module>
    <Module skippedDueTo="Filter" hash="B8-70-A8-86-A2-90-C5-6A-E0-5E-D7-34-99-98-8F-8C-26-41-79-E6">
      <ModulePath>C:\Program Files\dotnet\shared\Microsoft.NETCore.App\5.0.6\System.Runtime.Extensions.dll</ModulePath>
      <ModuleTime>2021-04-21T02:07:36Z</ModuleTime>
      <ModuleName>System.Runtime.Extensions</ModuleName>
      <Classes />
    </Module>
    <Module skippedDueTo="Filter" hash="A6-D6-54-F7-E0-B8-52-C6-EE-7B-79-15-D3-25-52-2B-1B-70-1D-DA">
      <ModulePath>C:\Program Files\dotnet\shared\Microsoft.NETCore.App\5.0.6\System.Diagnostics.Debug.dll</ModulePath>
      <ModuleTime>2021-04-21T02:07:40Z</ModuleTime>
      <ModuleName>System.Diagnostics.Debug</ModuleName>
      <Classes />
    </Module>
    <Module skippedDueTo="Filter" hash="3F-3F-AF-CF-5C-B0-0D-AF-BC-98-7C-F6-AF-70-59-EB-D7-66-FE-E2">
      <ModulePath>C:\Program Files\dotnet\shared\Microsoft.NETCore.App\5.0.6\System.IO.dll</ModulePath>
      <ModuleTime>2021-04-21T02:08:40Z</ModuleTime>
      <ModuleName>System.IO</ModuleName>
      <Classes />
    </Module>
    <Module skippedDueTo="Filter" hash="5A-42-67-DB-38-40-A9-21-49-6D-F0-E4-30-FE-D0-43-1E-E4-1F-92">
      <ModulePath>C:\Program Files\dotnet\shared\Microsoft.NETCore.App\5.0.6\System.Text.Encoding.dll</ModulePath>
      <ModuleTime>2021-04-21T02:08:28Z</ModuleTime>
      <ModuleName>System.Text.Encoding</ModuleName>
      <Classes />
    </Module>
    <Module skippedDueTo="Filter" hash="9D-E1-3D-E1-6E-E9-84-A7-09-66-F8-13-12-F9-0C-84-16-D5-DA-B8">
      <ModulePath>C:\Program Files\dotnet\shared\Microsoft.NETCore.App\5.0.6\System.IO.Compression.dll</ModulePath>
      <ModuleTime>2021-04-21T02:07:42Z</ModuleTime>
      <ModuleName>System.IO.Compression</ModuleName>
      <Classes />
    </Module>
    <Module skippedDueTo="Filter" hash="30-06-8C-55-7A-E3-1C-32-89-81-AF-21-97-06-3E-4E-07-1D-47-E8">
      <ModulePath>C:\Program Files\dotnet\sdk\5.0.203\Microsoft.TemplateEngine.Utils.dll</ModulePath>
      <ModuleTime>2021-04-24T01:36:48Z</ModuleTime>
      <ModuleName>Microsoft.TemplateEngine.Utils</ModuleName>
      <Classes />
    </Module>
    <Module skippedDueTo="Filter" hash="FC-97-0D-AE-40-1E-85-2B-5F-79-0E-A8-47-EC-1E-1C-92-40-2F-7B">
      <ModulePath>C:\Program Files\dotnet\sdk\5.0.203\pt-BR\dotnet.resources.dll</ModulePath>
      <ModuleTime>2021-04-24T01:36:40Z</ModuleTime>
      <ModuleName>dotnet.resources</ModuleName>
      <Classes />
    </Module>
    <Module skippedDueTo="Filter" hash="26-F2-67-48-4B-9B-C5-E9-7E-ED-49-C2-8B-24-37-1D-E2-14-86-11">
      <ModulePath>C:\Program Files\dotnet\shared\Microsoft.NETCore.App\5.0.6\System.Net.Http.dll</ModulePath>
      <ModuleTime>2021-04-21T02:08:14Z</ModuleTime>
      <ModuleName>System.Net.Http</ModuleName>
      <Classes />
    </Module>
    <Module skippedDueTo="Filter" hash="55-86-8D-D0-19-09-72-42-E7-5D-EE-72-0C-28-EB-EC-1D-09-26-75">
      <ModulePath>C:\Program Files\dotnet\shared\Microsoft.NETCore.App\5.0.6\System.Net.Primitives.dll</ModulePath>
      <ModuleTime>2021-04-21T02:08:42Z</ModuleTime>
      <ModuleName>System.Net.Primitives</ModuleName>
      <Classes />
    </Module>
    <Module skippedDueTo="Filter" hash="AC-FC-52-31-5D-F7-41-5C-3D-A0-EB-76-9F-05-A6-70-CB-2A-4E-B8">
      <ModulePath>C:\Program Files\dotnet\shared\Microsoft.NETCore.App\5.0.6\System.Net.Security.dll</ModulePath>
      <ModuleTime>2021-04-21T02:07:44Z</ModuleTime>
      <ModuleName>System.Net.Security</ModuleName>
      <Classes />
    </Module>
    <Module skippedDueTo="Filter" hash="D4-F7-65-ED-26-8C-98-F7-5E-03-16-73-4E-9E-C7-CA-89-0C-C6-34">
      <ModulePath>C:\Program Files\dotnet\shared\Microsoft.NETCore.App\5.0.6\System.Diagnostics.DiagnosticSource.dll</ModulePath>
      <ModuleTime>2021-04-21T02:09:02Z</ModuleTime>
      <ModuleName>System.Diagnostics.DiagnosticSource</ModuleName>
      <Classes />
    </Module>
    <Module skippedDueTo="Filter" hash="4C-77-76-FF-B5-AC-6B-E5-2B-C4-C2-87-EF-2C-4E-4A-B3-2B-5A-E1">
      <ModulePath>C:\Program Files\dotnet\shared\Microsoft.NETCore.App\5.0.6\System.Security.Cryptography.X509Certificates.dll</ModulePath>
      <ModuleTime>2021-04-21T02:07:38Z</ModuleTime>
      <ModuleName>System.Security.Cryptography.X509Certificates</ModuleName>
      <Classes />
    </Module>
    <Module skippedDueTo="Filter" hash="C3-0D-2A-10-94-8A-FF-23-3B-25-A2-A5-FA-57-DF-3D-EC-2B-27-26">
      <ModulePath>C:\Program Files\dotnet\sdk\5.0.203\Microsoft.Build.Framework.dll</ModulePath>
      <ModuleTime>2021-04-24T01:36:40Z</ModuleTime>
      <ModuleName>Microsoft.Build.Framework</ModuleName>
      <Classes />
    </Module>
    <Module skippedDueTo="Filter" hash="DA-84-92-72-0F-3C-DA-9F-39-62-44-BA-81-5F-A6-D4-F7-DE-08-E2">
      <ModulePath>C:\Program Files\dotnet\shared\Microsoft.NETCore.App\5.0.6\System.Collections.NonGeneric.dll</ModulePath>
      <ModuleTime>2021-04-21T02:08:06Z</ModuleTime>
      <ModuleName>System.Collections.NonGeneric</ModuleName>
      <Classes />
    </Module>
    <Module skippedDueTo="Filter" hash="BB-CB-96-54-A3-20-D8-37-13-F0-CB-A9-54-DF-9D-2D-6D-2F-D4-57">
      <ModulePath>C:\Program Files\dotnet\shared\Microsoft.NETCore.App\5.0.6\System.Private.CoreLib.dll</ModulePath>
      <ModuleTime>2021-04-21T02:03:52Z</ModuleTime>
      <ModuleName>System.Private.CoreLib</ModuleName>
      <Classes />
    </Module>
    <Module skippedDueTo="Filter" hash="95-67-13-11-33-F5-F8-12-14-51-62-D7-D8-E5-55-BC-F6-6B-C8-D5">
      <ModulePath>C:\Program Files\dotnet\sdk\5.0.203\MSBuild.dll</ModulePath>
      <ModuleTime>2021-04-24T01:36:10Z</ModuleTime>
      <ModuleName>MSBuild</ModuleName>
      <Classes />
    </Module>
    <Module skippedDueTo="Filter" hash="BC-4D-6A-23-98-BC-0A-A5-5B-BA-B4-CA-4D-E0-EF-EE-C1-80-F6-FD">
      <ModulePath>C:\Program Files\dotnet\shared\Microsoft.NETCore.App\5.0.6\System.Runtime.dll</ModulePath>
      <ModuleTime>2021-04-21T02:08:26Z</ModuleTime>
      <ModuleName>System.Runtime</ModuleName>
      <Classes />
    </Module>
    <Module skippedDueTo="Filter" hash="B0-BF-00-73-49-F0-F8-4B-E4-D9-49-65-A9-1D-F2-E2-16-7F-A1-71">
      <ModulePath>C:\Program Files\dotnet\shared\Microsoft.NETCore.App\5.0.6\System.Diagnostics.Tracing.dll</ModulePath>
      <ModuleTime>2021-04-21T02:08:10Z</ModuleTime>
      <ModuleName>System.Diagnostics.Tracing</ModuleName>
      <Classes />
    </Module>
    <Module skippedDueTo="Filter" hash="B8-70-A8-86-A2-90-C5-6A-E0-5E-D7-34-99-98-8F-8C-26-41-79-E6">
      <ModulePath>C:\Program Files\dotnet\shared\Microsoft.NETCore.App\5.0.6\System.Runtime.Extensions.dll</ModulePath>
      <ModuleTime>2021-04-21T02:07:36Z</ModuleTime>
      <ModuleName>System.Runtime.Extensions</ModuleName>
      <Classes />
    </Module>
    <Module skippedDueTo="Filter" hash="1A-1F-2E-19-1B-E2-1E-3F-FA-57-90-EE-D2-5A-66-0E-D9-0C-E5-59">
      <ModulePath>C:\Program Files\dotnet\shared\Microsoft.NETCore.App\5.0.6\System.Threading.dll</ModulePath>
      <ModuleTime>2021-04-21T02:08:04Z</ModuleTime>
      <ModuleName>System.Threading</ModuleName>
      <Classes />
    </Module>
    <Module skippedDueTo="Filter" hash="2D-7A-61-24-6E-31-96-A8-25-20-42-C8-3C-41-8E-8B-00-3D-A0-70">
      <ModulePath>C:\Program Files\dotnet\shared\Microsoft.NETCore.App\5.0.6\System.Threading.Tasks.dll</ModulePath>
      <ModuleTime>2021-04-21T02:08:32Z</ModuleTime>
      <ModuleName>System.Threading.Tasks</ModuleName>
      <Classes />
    </Module>
    <Module skippedDueTo="Filter" hash="C3-0D-2A-10-94-8A-FF-23-3B-25-A2-A5-FA-57-DF-3D-EC-2B-27-26">
      <ModulePath>C:\Program Files\dotnet\sdk\5.0.203\Microsoft.Build.Framework.dll</ModulePath>
      <ModuleTime>2021-04-24T01:36:40Z</ModuleTime>
      <ModuleName>Microsoft.Build.Framework</ModuleName>
      <Classes />
    </Module>
    <Module skippedDueTo="Filter" hash="64-37-C8-45-0C-47-0E-7C-A2-72-FC-41-05-22-81-BD-33-AA-53-3E">
      <ModulePath>C:\Program Files\dotnet\shared\Microsoft.NETCore.App\5.0.6\netstandard.dll</ModulePath>
      <ModuleTime>2021-04-21T02:07:40Z</ModuleTime>
      <ModuleName>netstandard</ModuleName>
      <Classes />
    </Module>
    <Module skippedDueTo="Filter" hash="A4-88-5A-7A-E9-58-06-21-C1-D0-93-5D-6C-52-19-94-1E-A5-7D-04">
      <ModulePath>C:\Program Files\dotnet\shared\Microsoft.NETCore.App\5.0.6\System.IO.FileSystem.dll</ModulePath>
      <ModuleTime>2021-04-21T02:09:48Z</ModuleTime>
      <ModuleName>System.IO.FileSystem</ModuleName>
      <Classes />
    </Module>
    <Module skippedDueTo="Filter" hash="E5-BA-99-4A-55-0F-EC-7D-F7-5B-C0-93-C4-6B-3E-A3-B9-3E-C4-E5">
      <ModulePath>C:\Program Files\dotnet\shared\Microsoft.NETCore.App\5.0.6\System.Runtime.InteropServices.RuntimeInformation.dll</ModulePath>
      <ModuleTime>2021-04-21T02:08:00Z</ModuleTime>
      <ModuleName>System.Runtime.InteropServices.RuntimeInformation</ModuleName>
      <Classes />
    </Module>
    <Module skippedDueTo="Filter" hash="1F-D5-93-01-F8-D2-E6-85-0C-DC-8A-F7-1A-92-32-88-EE-16-36-9D">
      <ModulePath>C:\Program Files\dotnet\shared\Microsoft.NETCore.App\5.0.6\System.Diagnostics.Process.dll</ModulePath>
      <ModuleTime>2021-04-21T02:07:40Z</ModuleTime>
      <ModuleName>System.Diagnostics.Process</ModuleName>
      <Classes />
    </Module>
    <Module skippedDueTo="Filter" hash="D5-6A-25-97-7F-08-6C-80-00-A6-81-47-AA-DB-EB-3B-3A-81-36-A0">
      <ModulePath>C:\Program Files\dotnet\shared\Microsoft.NETCore.App\5.0.6\System.ComponentModel.Primitives.dll</ModulePath>
      <ModuleTime>2021-04-21T02:09:02Z</ModuleTime>
      <ModuleName>System.ComponentModel.Primitives</ModuleName>
      <Classes />
    </Module>
    <Module skippedDueTo="Filter" hash="B2-75-4E-86-4E-5A-A4-D9-A1-DB-BF-92-60-A1-C8-37-5E-2D-F4-79">
      <ModulePath>C:\Program Files\dotnet\shared\Microsoft.NETCore.App\5.0.6\System.Linq.dll</ModulePath>
      <ModuleTime>2021-04-21T02:08:40Z</ModuleTime>
      <ModuleName>System.Linq</ModuleName>
      <Classes />
    </Module>
    <Module skippedDueTo="Filter" hash="93-D2-12-06-48-E7-56-71-97-32-18-71-B4-35-C2-6E-10-68-50-E0">
      <ModulePath>C:\Program Files\dotnet\shared\Microsoft.NETCore.App\5.0.6\System.Text.RegularExpressions.dll</ModulePath>
      <ModuleTime>2021-04-21T02:07:38Z</ModuleTime>
      <ModuleName>System.Text.RegularExpressions</ModuleName>
      <Classes />
    </Module>
    <Module skippedDueTo="Filter" hash="23-5D-A7-28-B1-76-A2-9B-52-DB-12-48-6C-3E-5E-24-71-E2-00-BC">
      <ModulePath>C:\Program Files\dotnet\shared\Microsoft.NETCore.App\5.0.6\System.Collections.Concurrent.dll</ModulePath>
      <ModuleTime>2021-04-21T02:08:36Z</ModuleTime>
      <ModuleName>System.Collections.Concurrent</ModuleName>
      <Classes />
    </Module>
    <Module skippedDueTo="Filter" hash="CD-B3-BE-90-02-0B-D5-0B-A6-0C-F9-23-DE-B4-F9-82-38-B2-DC-41">
      <ModulePath>C:\Program Files\dotnet\shared\Microsoft.NETCore.App\5.0.6\System.Collections.dll</ModulePath>
      <ModuleTime>2021-04-21T02:08:36Z</ModuleTime>
      <ModuleName>System.Collections</ModuleName>
      <Classes />
    </Module>
    <Module skippedDueTo="Filter" hash="06-16-31-64-FD-8A-A5-F3-B1-2C-E1-BB-C1-74-2D-02-7A-97-88-B5">
      <ModulePath>C:\Program Files\dotnet\shared\Microsoft.NETCore.App\5.0.6\System.Memory.dll</ModulePath>
      <ModuleTime>2021-04-21T02:09:04Z</ModuleTime>
      <ModuleName>System.Memory</ModuleName>
      <Classes />
    </Module>
    <Module skippedDueTo="Filter" hash="C6-F7-7D-F5-48-B0-58-86-D2-89-53-A6-69-4E-B8-D2-95-11-07-97">
      <ModulePath>C:\Program Files\dotnet\shared\Microsoft.NETCore.App\5.0.6\System.Runtime.InteropServices.dll</ModulePath>
      <ModuleTime>2021-04-21T02:09:16Z</ModuleTime>
      <ModuleName>System.Runtime.InteropServices</ModuleName>
      <Classes />
    </Module>
    <Module skippedDueTo="Filter" hash="26-3B-04-D3-56-56-D3-3F-98-B0-11-5B-34-17-F9-3F-29-04-25-65">
      <ModulePath>C:\Program Files\dotnet\shared\Microsoft.NETCore.App\5.0.6\System.Console.dll</ModulePath>
      <ModuleTime>2021-04-21T02:07:40Z</ModuleTime>
      <ModuleName>System.Console</ModuleName>
      <Classes />
    </Module>
    <Module skippedDueTo="Filter" hash="D8-5E-9D-63-96-2E-AC-C0-0E-1E-85-C5-6E-F9-78-05-91-34-E4-32">
      <ModulePath>C:\Program Files\dotnet\sdk\5.0.203\Microsoft.Build.dll</ModulePath>
      <ModuleTime>2021-04-24T01:36:44Z</ModuleTime>
      <ModuleName>Microsoft.Build</ModuleName>
      <Classes />
    </Module>
    <Module skippedDueTo="Filter" hash="A6-D6-54-F7-E0-B8-52-C6-EE-7B-79-15-D3-25-52-2B-1B-70-1D-DA">
      <ModulePath>C:\Program Files\dotnet\shared\Microsoft.NETCore.App\5.0.6\System.Diagnostics.Debug.dll</ModulePath>
      <ModuleTime>2021-04-21T02:07:40Z</ModuleTime>
      <ModuleName>System.Diagnostics.Debug</ModuleName>
      <Classes />
    </Module>
    <Module skippedDueTo="Filter" hash="A6-97-C1-98-E5-8F-A1-5A-5C-D8-CD-43-67-0A-CC-04-1C-66-BF-7B">
      <ModulePath>C:\Program Files\dotnet\shared\Microsoft.NETCore.App\5.0.6\Microsoft.Win32.Primitives.dll</ModulePath>
      <ModuleTime>2021-04-21T02:08:38Z</ModuleTime>
      <ModuleName>Microsoft.Win32.Primitives</ModuleName>
      <Classes />
    </Module>
    <Module skippedDueTo="Filter" hash="6C-FE-23-AB-C1-93-CF-EA-E1-20-88-76-65-F9-84-84-EF-9B-5F-B4">
      <ModulePath>C:\Program Files\dotnet\shared\Microsoft.NETCore.App\5.0.6\System.Text.Encoding.CodePages.dll</ModulePath>
      <ModuleTime>2021-04-21T02:08:54Z</ModuleTime>
      <ModuleName>System.Text.Encoding.CodePages</ModuleName>
      <Classes />
    </Module>
    <Module skippedDueTo="Filter" hash="28-B9-84-5F-98-E7-1B-60-18-68-42-23-DF-C5-20-25-67-97-A1-0B">
      <ModulePath>C:\Program Files\dotnet\shared\Microsoft.NETCore.App\5.0.6\System.Runtime.Loader.dll</ModulePath>
      <ModuleTime>2021-04-21T02:08:02Z</ModuleTime>
      <ModuleName>System.Runtime.Loader</ModuleName>
      <Classes />
    </Module>
    <Module skippedDueTo="Filter" hash="F8-37-50-D1-71-59-8F-8C-83-14-C0-DC-0B-AC-9A-AF-5A-25-B5-4C">
      <ModulePath>C:\Program Files\dotnet\sdk\5.0.203\dotnet.dll</ModulePath>
      <ModuleTime>2021-04-24T01:36:38Z</ModuleTime>
      <ModuleName>dotnet</ModuleName>
      <Classes />
    </Module>
    <Module skippedDueTo="Filter" hash="18-6B-86-46-EA-4E-69-89-1E-2F-2E-0E-B8-24-98-E9-5F-B7-97-5A">
      <ModulePath>C:\Program Files\dotnet\shared\Microsoft.NETCore.App\5.0.6\System.Collections.Immutable.dll</ModulePath>
      <ModuleTime>2021-04-21T02:08:06Z</ModuleTime>
      <ModuleName>System.Collections.Immutable</ModuleName>
      <Classes />
    </Module>
    <Module skippedDueTo="Filter" hash="62-40-8C-E9-EE-13-D0-F6-77-56-9F-AF-82-A3-33-7F-18-BE-F5-80">
      <ModulePath>C:\Program Files\dotnet\sdk\5.0.203\Microsoft.DotNet.Configurer.dll</ModulePath>
      <ModuleTime>2021-04-24T01:36:44Z</ModuleTime>
      <ModuleName>Microsoft.DotNet.Configurer</ModuleName>
      <Classes />
    </Module>
    <Module skippedDueTo="Filter" hash="70-56-FB-50-28-C6-E2-60-64-97-05-73-3B-EF-04-5B-EA-90-11-D2">
      <ModulePath>C:\Program Files\dotnet\sdk\5.0.203\Microsoft.DotNet.InternalAbstractions.dll</ModulePath>
      <ModuleTime>2021-04-24T01:37:14Z</ModuleTime>
      <ModuleName>Microsoft.DotNet.InternalAbstractions</ModuleName>
      <Classes />
    </Module>
    <Module skippedDueTo="Filter" hash="D1-1F-51-7A-42-1C-E4-A2-2B-72-88-69-EA-BB-3B-9C-65-6B-CD-56">
      <ModulePath>C:\Program Files\dotnet\sdk\5.0.203\Microsoft.DotNet.Cli.Utils.dll</ModulePath>
      <ModuleTime>2021-04-24T01:36:46Z</ModuleTime>
      <ModuleName>Microsoft.DotNet.Cli.Utils</ModuleName>
      <Classes />
    </Module>
    <Module skippedDueTo="Filter" hash="AB-FD-36-92-73-99-D0-9B-A6-44-F9-F9-9E-46-2F-01-B2-32-A5-9F">
      <ModulePath>C:\Program Files\dotnet\shared\Microsoft.NETCore.App\5.0.6\System.Text.Encoding.Extensions.dll</ModulePath>
      <ModuleTime>2021-04-21T02:08:54Z</ModuleTime>
      <ModuleName>System.Text.Encoding.Extensions</ModuleName>
      <Classes />
    </Module>
    <Module skippedDueTo="Filter" hash="C7-F4-A8-D9-37-26-22-F8-D9-13-9E-94-A4-98-1A-3A-E7-A3-F0-44">
      <ModulePath>C:\Program Files\dotnet\sdk\5.0.203\Microsoft.ApplicationInsights.dll</ModulePath>
      <ModuleTime>2021-04-24T01:36:40Z</ModuleTime>
      <ModuleName>Microsoft.ApplicationInsights</ModuleName>
      <Classes />
    </Module>
    <Module skippedDueTo="Filter" hash="F4-91-74-05-E3-19-DC-AB-6D-D8-10-9C-B7-A5-C2-7D-08-A1-7E-D5">
      <ModulePath>C:\Program Files\dotnet\shared\Microsoft.NETCore.App\5.0.6\System.Runtime.CompilerServices.Unsafe.dll</ModulePath>
      <ModuleTime>2021-04-21T02:08:00Z</ModuleTime>
      <ModuleName>System.Runtime.CompilerServices.Unsafe</ModuleName>
      <Classes />
    </Module>
    <Module skippedDueTo="Filter" hash="4E-80-E7-38-D7-0E-6C-30-4E-6B-23-31-DF-D8-9C-58-D9-BD-7E-75">
      <ModulePath>C:\Program Files\dotnet\shared\Microsoft.NETCore.App\5.0.6\System.Private.Uri.dll</ModulePath>
      <ModuleTime>2021-04-21T02:07:36Z</ModuleTime>
      <ModuleName>System.Private.Uri</ModuleName>
      <Classes />
    </Module>
    <Module skippedDueTo="Filter" hash="52-29-EA-58-AB-5E-D9-0C-BC-34-4C-B0-22-9E-F3-DA-E1-13-A8-4F">
      <ModulePath>C:\Program Files\dotnet\shared\Microsoft.NETCore.App\5.0.6\System.Reflection.Extensions.dll</ModulePath>
      <ModuleTime>2021-04-21T02:08:28Z</ModuleTime>
      <ModuleName>System.Reflection.Extensions</ModuleName>
      <Classes />
    </Module>
    <Module skippedDueTo="Filter" hash="8C-37-0A-4A-05-33-FF-D6-0E-49-EC-FC-D6-9F-55-4A-B9-5A-73-6C">
      <ModulePath>C:\Program Files\dotnet\shared\Microsoft.NETCore.App\5.0.6\System.Reflection.dll</ModulePath>
      <ModuleTime>2021-04-21T02:08:54Z</ModuleTime>
      <ModuleName>System.Reflection</ModuleName>
      <Classes />
    </Module>
    <Module skippedDueTo="Filter" hash="36-82-82-08-B7-16-21-56-48-14-BC-7E-63-3C-CC-26-58-47-0E-01">
      <ModulePath>C:\Program Files\dotnet\shared\Microsoft.NETCore.App\5.0.6\System.Xml.XDocument.dll</ModulePath>
      <ModuleTime>2021-04-21T02:08:10Z</ModuleTime>
      <ModuleName>System.Xml.XDocument</ModuleName>
      <Classes />
    </Module>
    <Module skippedDueTo="Filter" hash="02-41-2B-52-11-94-CA-07-39-12-B2-4B-1B-33-BC-48-D1-2F-B1-C8">
      <ModulePath>C:\Program Files\dotnet\shared\Microsoft.NETCore.App\5.0.6\System.Private.Xml.Linq.dll</ModulePath>
      <ModuleTime>2021-04-21T02:07:58Z</ModuleTime>
      <ModuleName>System.Private.Xml.Linq</ModuleName>
      <Classes />
    </Module>
    <Module skippedDueTo="Filter" hash="66-87-2D-12-7A-17-17-10-2F-29-BA-EA-3B-59-9D-B3-38-91-82-C4">
      <ModulePath>C:\Program Files\dotnet\shared\Microsoft.NETCore.App\5.0.6\System.Threading.Thread.dll</ModulePath>
      <ModuleTime>2021-04-21T02:07:38Z</ModuleTime>
      <ModuleName>System.Threading.Thread</ModuleName>
      <Classes />
    </Module>
    <Module skippedDueTo="Filter" hash="85-D9-7A-BA-2A-90-01-7B-F1-67-FE-8E-3F-0D-E4-D2-6B-58-3F-2D">
      <ModulePath>C:\Program Files\dotnet\shared\Microsoft.NETCore.App\5.0.6\System.Private.Xml.dll</ModulePath>
      <ModuleTime>2021-04-21T02:09:36Z</ModuleTime>
      <ModuleName>System.Private.Xml</ModuleName>
      <Classes />
    </Module>
    <Module skippedDueTo="Filter" hash="AC-B5-77-D5-85-33-3B-79-AA-DB-20-09-0F-90-7A-17-C0-3F-78-FD">
      <ModulePath>C:\Program Files\dotnet\shared\Microsoft.NETCore.App\5.0.6\System.Xml.ReaderWriter.dll</ModulePath>
      <ModuleTime>2021-04-21T02:07:50Z</ModuleTime>
      <ModuleName>System.Xml.ReaderWriter</ModuleName>
      <Classes />
    </Module>
    <Module skippedDueTo="Filter" hash="9B-FD-09-A6-D2-44-7E-8D-B6-DF-55-10-B9-A7-21-DA-19-76-E1-BF">
      <ModulePath>C:\Program Files\dotnet\shared\Microsoft.NETCore.App\5.0.6\System.Globalization.dll</ModulePath>
      <ModuleTime>2021-04-21T02:08:40Z</ModuleTime>
      <ModuleName>System.Globalization</ModuleName>
      <Classes />
    </Module>
    <Module skippedDueTo="Filter" hash="DA-84-92-72-0F-3C-DA-9F-39-62-44-BA-81-5F-A6-D4-F7-DE-08-E2">
      <ModulePath>C:\Program Files\dotnet\shared\Microsoft.NETCore.App\5.0.6\System.Collections.NonGeneric.dll</ModulePath>
      <ModuleTime>2021-04-21T02:08:06Z</ModuleTime>
      <ModuleName>System.Collections.NonGeneric</ModuleName>
      <Classes />
    </Module>
    <Module skippedDueTo="Filter" hash="EF-83-13-F9-17-4C-1A-74-77-16-82-4D-A5-53-01-CD-CB-E1-09-D9">
      <ModulePath>C:\Program Files\dotnet\shared\Microsoft.NETCore.App\5.0.6\System.Resources.ResourceManager.dll</ModulePath>
      <ModuleTime>2021-04-21T02:08:26Z</ModuleTime>
      <ModuleName>System.Resources.ResourceManager</ModuleName>
      <Classes />
    </Module>
    <Module skippedDueTo="Filter" hash="AE-3E-D4-82-78-AA-16-6B-1A-B0-4B-EA-8C-01-E6-32-65-78-6A-64">
      <ModulePath>C:\Program Files\dotnet\sdk\5.0.203\pt-BR\MSBuild.resources.dll</ModulePath>
      <ModuleTime>2021-03-18T00:43:18Z</ModuleTime>
      <ModuleName>MSBuild.resources</ModuleName>
      <Classes />
    </Module>
    <Module skippedDueTo="Filter" hash="40-F0-E8-02-D0-A8-E8-9E-58-38-02-F0-84-5A-87-5F-98-31-17-A5">
      <ModulePath>C:\Program Files\dotnet\shared\Microsoft.NETCore.App\5.0.6\System.Security.Cryptography.Algorithms.dll</ModulePath>
      <ModuleTime>2021-04-21T02:08:04Z</ModuleTime>
      <ModuleName>System.Security.Cryptography.Algorithms</ModuleName>
      <Classes />
    </Module>
    <Module skippedDueTo="Filter" hash="DF-B9-06-14-33-8A-FD-68-44-63-89-61-48-C2-99-18-8E-02-D6-DE">
      <ModulePath>C:\Program Files\dotnet\shared\Microsoft.NETCore.App\5.0.6\System.Security.Cryptography.Primitives.dll</ModulePath>
      <ModuleTime>2021-04-21T02:08:30Z</ModuleTime>
      <ModuleName>System.Security.Cryptography.Primitives</ModuleName>
      <Classes />
    </Module>
    <Module skippedDueTo="Filter" hash="BF-AD-12-B8-34-8C-C0-AF-F0-2B-8D-71-C4-75-AD-CF-C8-E5-5E-C5">
      <ModulePath>C:\Program Files\dotnet\shared\Microsoft.NETCore.App\5.0.6\System.Threading.Tasks.Dataflow.dll</ModulePath>
      <ModuleTime>2021-04-21T02:08:54Z</ModuleTime>
      <ModuleName>System.Threading.Tasks.Dataflow</ModuleName>
      <Classes />
    </Module>
    <Module skippedDueTo="Filter" hash="1B-BA-41-FA-36-EF-D6-19-A0-83-5C-24-F6-C8-68-15-99-C3-2D-C8">
      <ModulePath>C:\Program Files\dotnet\shared\Microsoft.NETCore.App\5.0.6\Microsoft.Win32.Registry.dll</ModulePath>
      <ModuleTime>2021-04-21T02:09:26Z</ModuleTime>
      <ModuleName>Microsoft.Win32.Registry</ModuleName>
      <Classes />
    </Module>
    <Module skippedDueTo="Filter" hash="17-95-A5-CF-E4-67-59-36-CC-75-95-F7-38-B2-C6-B6-56-DC-3E-ED">
      <ModulePath>C:\Program Files\dotnet\sdk\5.0.203\pt-BR\Microsoft.Build.resources.dll</ModulePath>
      <ModuleTime>2021-03-18T00:43:12Z</ModuleTime>
      <ModuleName>Microsoft.Build.resources</ModuleName>
      <Classes />
    </Module>
    <Module skippedDueTo="Filter" hash="99-70-F0-B7-06-52-34-79-5E-F9-6A-30-EB-A2-F3-DE-FB-BA-FE-5E">
      <ModulePath>C:\Program Files\dotnet\shared\Microsoft.NETCore.App\5.0.6\System.ObjectModel.dll</ModulePath>
      <ModuleTime>2021-04-21T02:07:58Z</ModuleTime>
      <ModuleName>System.ObjectModel</ModuleName>
      <Classes />
    </Module>
    <Module skippedDueTo="Filter" hash="E3-1C-30-B1-3D-FC-9A-CA-A0-C5-EE-4D-56-84-BD-83-E8-AE-2A-E8">
      <ModulePath>C:\Program Files\dotnet\shared\Microsoft.NETCore.App\5.0.6\System.Diagnostics.TraceSource.dll</ModulePath>
      <ModuleTime>2021-04-21T02:13:14Z</ModuleTime>
      <ModuleName>System.Diagnostics.TraceSource</ModuleName>
      <Classes />
    </Module>
    <Module skippedDueTo="Filter" hash="02-E9-7F-68-E7-52-29-41-98-78-81-33-C1-46-02-0E-C5-F1-30-FC">
      <ModulePath>C:\Program Files\dotnet\sdk\5.0.203\Microsoft.Build.NuGetSdkResolver.dll</ModulePath>
      <ModuleTime>2021-04-24T01:36:40Z</ModuleTime>
      <ModuleName>Microsoft.Build.NuGetSdkResolver</ModuleName>
      <Classes />
    </Module>
    <Module skippedDueTo="Filter" hash="FD-E8-1D-5D-37-93-C5-24-C7-01-50-09-68-BB-D5-0F-3C-9A-EF-8F">
      <ModulePath>C:\Program Files\dotnet\sdk\5.0.203\Microsoft.NET.Sdk.WorkloadMSBuildSdkResolver.dll</ModulePath>
      <ModuleTime>2021-04-24T01:36:48Z</ModuleTime>
      <ModuleName>Microsoft.NET.Sdk.WorkloadMSBuildSdkResolver</ModuleName>
      <Classes />
    </Module>
    <Module skippedDueTo="Filter" hash="B6-0B-A5-93-79-3E-0A-09-9C-5B-4E-4B-4A-43-8D-44-33-37-61-2F">
      <ModulePath>C:\Program Files\dotnet\shared\Microsoft.NETCore.App\5.0.6\System.Diagnostics.FileVersionInfo.dll</ModulePath>
      <ModuleTime>2021-04-21T02:09:02Z</ModuleTime>
      <ModuleName>System.Diagnostics.FileVersionInfo</ModuleName>
      <Classes />
    </Module>
    <Module skippedDueTo="Filter" hash="44-A7-6C-F6-68-E4-12-DE-B3-C1-81-E7-0B-D9-AC-EE-6B-B0-2F-BA">
      <ModulePath>C:\Program Files\dotnet\sdk\5.0.203\Microsoft.NET.Sdk.WorkloadManifestReader.dll</ModulePath>
      <ModuleTime>2021-04-24T01:36:48Z</ModuleTime>
      <ModuleName>Microsoft.NET.Sdk.WorkloadManifestReader</ModuleName>
      <Classes />
    </Module>
    <Module skippedDueTo="Filter" hash="F1-BE-50-55-BB-3B-7B-D2-C5-C6-9F-CB-4A-CA-C1-AE-73-A0-9C-0F">
      <ModulePath>C:\Program Files\dotnet\shared\Microsoft.NETCore.App\5.0.6\System.Threading.Tasks.Parallel.dll</ModulePath>
      <ModuleTime>2021-04-21T02:08:32Z</ModuleTime>
      <ModuleName>System.Threading.Tasks.Parallel</ModuleName>
      <Classes />
    </Module>
    <Module skippedDueTo="Filter" hash="8A-CE-16-A2-29-CF-8C-92-AF-78-F0-9F-61-50-1C-BD-F5-D9-77-4F">
      <ModulePath>C:\Program Files\dotnet\sdk\5.0.203\NuGet.Frameworks.dll</ModulePath>
      <ModuleTime>2021-04-24T01:36:04Z</ModuleTime>
      <ModuleName>NuGet.Frameworks</ModuleName>
      <Classes />
    </Module>
    <Module skippedDueTo="Filter" hash="28-B1-00-4F-4F-67-39-23-E5-C0-AC-BB-69-6F-02-34-12-91-BD-DE">
      <ModulePath>C:\Program Files\dotnet\shared\Microsoft.NETCore.App\5.0.6\System.ComponentModel.dll</ModulePath>
      <ModuleTime>2021-04-21T02:07:38Z</ModuleTime>
      <ModuleName>System.ComponentModel</ModuleName>
      <Classes />
    </Module>
    <Module skippedDueTo="Filter" hash="47-50-83-6D-1E-15-70-1D-05-E4-9F-4C-00-52-C1-E8-10-2D-30-48">
      <ModulePath>C:\Program Files\dotnet\sdk\5.0.203\Microsoft.Build.Utilities.Core.dll</ModulePath>
      <ModuleTime>2021-04-24T01:36:42Z</ModuleTime>
      <ModuleName>Microsoft.Build.Utilities.Core</ModuleName>
      <Classes />
    </Module>
    <Module skippedDueTo="Filter" hash="0C-FA-09-D4-DD-DC-72-43-E5-7A-48-E6-9F-9D-BA-9E-D9-3B-DC-C1">
      <ModulePath>C:\Program Files\dotnet\shared\Microsoft.NETCore.App\5.0.6\System.Reflection.Emit.ILGeneration.dll</ModulePath>
      <ModuleTime>2021-04-21T02:08:54Z</ModuleTime>
      <ModuleName>System.Reflection.Emit.ILGeneration</ModuleName>
      <Classes />
    </Module>
    <Module skippedDueTo="Filter" hash="BE-A4-AC-37-B9-8D-7B-6C-24-51-FA-41-F5-A6-A8-EA-AA-BB-E8-38">
      <ModulePath>C:\Program Files\dotnet\shared\Microsoft.NETCore.App\5.0.6\System.Reflection.Emit.Lightweight.dll</ModulePath>
      <ModuleTime>2021-04-21T02:07:36Z</ModuleTime>
      <ModuleName>System.Reflection.Emit.Lightweight</ModuleName>
      <Classes />
    </Module>
    <Module skippedDueTo="Filter" hash="A9-BC-C7-60-03-C9-D8-AA-5B-04-B8-4E-3D-67-D3-19-77-4F-E4-90">
      <ModulePath>C:\Program Files\dotnet\shared\Microsoft.NETCore.App\5.0.6\System.Reflection.Primitives.dll</ModulePath>
      <ModuleTime>2021-04-21T02:11:50Z</ModuleTime>
      <ModuleName>System.Reflection.Primitives</ModuleName>
      <Classes />
    </Module>
    <Module skippedDueTo="Filter" hash="A4-10-F9-E8-01-B7-DB-05-B6-90-58-5A-25-B4-45-F1-ED-7F-AF-53">
      <ModulePath>C:\Program Files\dotnet\sdk\5.0.203\Microsoft.Build.Tasks.Core.dll</ModulePath>
      <ModuleTime>2021-04-24T01:36:42Z</ModuleTime>
      <ModuleName>Microsoft.Build.Tasks.Core</ModuleName>
      <Classes />
    </Module>
    <Module skippedDueTo="Filter" hash="B4-96-BF-B7-7B-7C-D4-47-80-8F-59-9D-1A-40-26-B2-91-B1-8D-E2">
      <ModulePath>C:\Program Files\dotnet\shared\Microsoft.NETCore.App\5.0.6\System.Threading.ThreadPool.dll</ModulePath>
      <ModuleTime>2021-04-21T02:08:54Z</ModuleTime>
      <ModuleName>System.Threading.ThreadPool</ModuleName>
      <Classes />
    </Module>
    <Module skippedDueTo="Filter" hash="6E-21-3F-2F-2F-5B-89-74-41-F0-8A-10-7E-2D-C2-40-C9-C7-70-A1">
      <ModulePath>C:\Program Files\dotnet\sdk\5.0.203\NuGet.Build.Tasks.dll</ModulePath>
      <ModuleTime>2021-04-24T01:36:02Z</ModuleTime>
      <ModuleName>NuGet.Build.Tasks</ModuleName>
      <Classes />
    </Module>
    <Module skippedDueTo="Filter" hash="27-A3-0F-31-0C-FC-89-E4-D8-95-88-05-56-75-A1-27-57-F3-25-1A">
      <ModulePath>C:\Program Files\dotnet\sdk\5.0.203\NuGet.Common.dll</ModulePath>
      <ModuleTime>2021-04-24T01:36:08Z</ModuleTime>
      <ModuleName>NuGet.Common</ModuleName>
      <Classes />
    </Module>
    <Module skippedDueTo="Filter" hash="DE-2B-FA-D0-2A-0F-CA-75-D3-5F-3B-62-1A-B8-61-56-D4-85-66-F6">
      <ModulePath>C:\Program Files\dotnet\sdk\5.0.203\NuGet.Commands.dll</ModulePath>
      <ModuleTime>2021-04-24T01:36:04Z</ModuleTime>
      <ModuleName>NuGet.Commands</ModuleName>
      <Classes />
    </Module>
    <Module skippedDueTo="Filter" hash="53-4D-F8-55-56-BB-F9-81-1F-FA-31-BA-E7-23-5A-BB-FE-28-6B-09">
      <ModulePath>C:\Program Files\dotnet\sdk\5.0.203\NuGet.ProjectModel.dll</ModulePath>
      <ModuleTime>2021-04-24T01:36:06Z</ModuleTime>
      <ModuleName>NuGet.ProjectModel</ModuleName>
      <Classes />
    </Module>
    <Module skippedDueTo="Filter" hash="52-C7-52-5A-8B-AA-D3-99-20-15-2C-78-E0-8C-1B-03-07-E7-D0-52">
      <ModulePath>C:\Program Files\dotnet\sdk\5.0.203\pt-BR\NuGet.Build.Tasks.resources.dll</ModulePath>
      <ModuleTime>2021-04-01T22:48:06Z</ModuleTime>
      <ModuleName>NuGet.Build.Tasks.resources</ModuleName>
      <Classes />
    </Module>
    <Module skippedDueTo="Filter" hash="BE-54-D5-64-CB-DF-8C-6F-0B-A7-C8-5D-BB-2D-1B-57-62-E0-58-BC">
      <ModulePath>C:\Program Files\dotnet\shared\Microsoft.NETCore.App\5.0.6\System.IO.Pipes.dll</ModulePath>
      <ModuleTime>2021-04-21T02:09:26Z</ModuleTime>
      <ModuleName>System.IO.Pipes</ModuleName>
      <Classes />
    </Module>
    <Module skippedDueTo="Filter" hash="BB-CB-96-54-A3-20-D8-37-13-F0-CB-A9-54-DF-9D-2D-6D-2F-D4-57">
      <ModulePath>C:\Program Files\dotnet\shared\Microsoft.NETCore.App\5.0.6\System.Private.CoreLib.dll</ModulePath>
      <ModuleTime>2021-04-21T02:03:52Z</ModuleTime>
      <ModuleName>System.Private.CoreLib</ModuleName>
      <Classes />
    </Module>
    <Module skippedDueTo="Filter" hash="95-67-13-11-33-F5-F8-12-14-51-62-D7-D8-E5-55-BC-F6-6B-C8-D5">
      <ModulePath>C:\Program Files\dotnet\sdk\5.0.203\MSBuild.dll</ModulePath>
      <ModuleTime>2021-04-24T01:36:10Z</ModuleTime>
      <ModuleName>MSBuild</ModuleName>
      <Classes />
    </Module>
    <Module skippedDueTo="Filter" hash="BC-4D-6A-23-98-BC-0A-A5-5B-BA-B4-CA-4D-E0-EF-EE-C1-80-F6-FD">
      <ModulePath>C:\Program Files\dotnet\shared\Microsoft.NETCore.App\5.0.6\System.Runtime.dll</ModulePath>
      <ModuleTime>2021-04-21T02:08:26Z</ModuleTime>
      <ModuleName>System.Runtime</ModuleName>
      <Classes />
    </Module>
    <Module skippedDueTo="Filter" hash="B0-BF-00-73-49-F0-F8-4B-E4-D9-49-65-A9-1D-F2-E2-16-7F-A1-71">
      <ModulePath>C:\Program Files\dotnet\shared\Microsoft.NETCore.App\5.0.6\System.Diagnostics.Tracing.dll</ModulePath>
      <ModuleTime>2021-04-21T02:08:10Z</ModuleTime>
      <ModuleName>System.Diagnostics.Tracing</ModuleName>
      <Classes />
    </Module>
    <Module skippedDueTo="Filter" hash="B8-70-A8-86-A2-90-C5-6A-E0-5E-D7-34-99-98-8F-8C-26-41-79-E6">
      <ModulePath>C:\Program Files\dotnet\shared\Microsoft.NETCore.App\5.0.6\System.Runtime.Extensions.dll</ModulePath>
      <ModuleTime>2021-04-21T02:07:36Z</ModuleTime>
      <ModuleName>System.Runtime.Extensions</ModuleName>
      <Classes />
    </Module>
    <Module skippedDueTo="Filter" hash="1A-1F-2E-19-1B-E2-1E-3F-FA-57-90-EE-D2-5A-66-0E-D9-0C-E5-59">
      <ModulePath>C:\Program Files\dotnet\shared\Microsoft.NETCore.App\5.0.6\System.Threading.dll</ModulePath>
      <ModuleTime>2021-04-21T02:08:04Z</ModuleTime>
      <ModuleName>System.Threading</ModuleName>
      <Classes />
    </Module>
    <Module skippedDueTo="Filter" hash="2D-7A-61-24-6E-31-96-A8-25-20-42-C8-3C-41-8E-8B-00-3D-A0-70">
      <ModulePath>C:\Program Files\dotnet\shared\Microsoft.NETCore.App\5.0.6\System.Threading.Tasks.dll</ModulePath>
      <ModuleTime>2021-04-21T02:08:32Z</ModuleTime>
      <ModuleName>System.Threading.Tasks</ModuleName>
      <Classes />
    </Module>
    <Module skippedDueTo="Filter" hash="C3-0D-2A-10-94-8A-FF-23-3B-25-A2-A5-FA-57-DF-3D-EC-2B-27-26">
      <ModulePath>C:\Program Files\dotnet\sdk\5.0.203\Microsoft.Build.Framework.dll</ModulePath>
      <ModuleTime>2021-04-24T01:36:40Z</ModuleTime>
      <ModuleName>Microsoft.Build.Framework</ModuleName>
      <Classes />
    </Module>
    <Module skippedDueTo="Filter" hash="64-37-C8-45-0C-47-0E-7C-A2-72-FC-41-05-22-81-BD-33-AA-53-3E">
      <ModulePath>C:\Program Files\dotnet\shared\Microsoft.NETCore.App\5.0.6\netstandard.dll</ModulePath>
      <ModuleTime>2021-04-21T02:07:40Z</ModuleTime>
      <ModuleName>netstandard</ModuleName>
      <Classes />
    </Module>
    <Module skippedDueTo="Filter" hash="A4-88-5A-7A-E9-58-06-21-C1-D0-93-5D-6C-52-19-94-1E-A5-7D-04">
      <ModulePath>C:\Program Files\dotnet\shared\Microsoft.NETCore.App\5.0.6\System.IO.FileSystem.dll</ModulePath>
      <ModuleTime>2021-04-21T02:09:48Z</ModuleTime>
      <ModuleName>System.IO.FileSystem</ModuleName>
      <Classes />
    </Module>
    <Module skippedDueTo="Filter" hash="E5-BA-99-4A-55-0F-EC-7D-F7-5B-C0-93-C4-6B-3E-A3-B9-3E-C4-E5">
      <ModulePath>C:\Program Files\dotnet\shared\Microsoft.NETCore.App\5.0.6\System.Runtime.InteropServices.RuntimeInformation.dll</ModulePath>
      <ModuleTime>2021-04-21T02:08:00Z</ModuleTime>
      <ModuleName>System.Runtime.InteropServices.RuntimeInformation</ModuleName>
      <Classes />
    </Module>
    <Module skippedDueTo="Filter" hash="1F-D5-93-01-F8-D2-E6-85-0C-DC-8A-F7-1A-92-32-88-EE-16-36-9D">
      <ModulePath>C:\Program Files\dotnet\shared\Microsoft.NETCore.App\5.0.6\System.Diagnostics.Process.dll</ModulePath>
      <ModuleTime>2021-04-21T02:07:40Z</ModuleTime>
      <ModuleName>System.Diagnostics.Process</ModuleName>
      <Classes />
    </Module>
    <Module skippedDueTo="Filter" hash="D5-6A-25-97-7F-08-6C-80-00-A6-81-47-AA-DB-EB-3B-3A-81-36-A0">
      <ModulePath>C:\Program Files\dotnet\shared\Microsoft.NETCore.App\5.0.6\System.ComponentModel.Primitives.dll</ModulePath>
      <ModuleTime>2021-04-21T02:09:02Z</ModuleTime>
      <ModuleName>System.ComponentModel.Primitives</ModuleName>
      <Classes />
    </Module>
    <Module skippedDueTo="Filter" hash="B2-75-4E-86-4E-5A-A4-D9-A1-DB-BF-92-60-A1-C8-37-5E-2D-F4-79">
      <ModulePath>C:\Program Files\dotnet\shared\Microsoft.NETCore.App\5.0.6\System.Linq.dll</ModulePath>
      <ModuleTime>2021-04-21T02:08:40Z</ModuleTime>
      <ModuleName>System.Linq</ModuleName>
      <Classes />
    </Module>
    <Module skippedDueTo="Filter" hash="93-D2-12-06-48-E7-56-71-97-32-18-71-B4-35-C2-6E-10-68-50-E0">
      <ModulePath>C:\Program Files\dotnet\shared\Microsoft.NETCore.App\5.0.6\System.Text.RegularExpressions.dll</ModulePath>
      <ModuleTime>2021-04-21T02:07:38Z</ModuleTime>
      <ModuleName>System.Text.RegularExpressions</ModuleName>
      <Classes />
    </Module>
    <Module skippedDueTo="Filter" hash="23-5D-A7-28-B1-76-A2-9B-52-DB-12-48-6C-3E-5E-24-71-E2-00-BC">
      <ModulePath>C:\Program Files\dotnet\shared\Microsoft.NETCore.App\5.0.6\System.Collections.Concurrent.dll</ModulePath>
      <ModuleTime>2021-04-21T02:08:36Z</ModuleTime>
      <ModuleName>System.Collections.Concurrent</ModuleName>
      <Classes />
    </Module>
    <Module skippedDueTo="Filter" hash="CD-B3-BE-90-02-0B-D5-0B-A6-0C-F9-23-DE-B4-F9-82-38-B2-DC-41">
      <ModulePath>C:\Program Files\dotnet\shared\Microsoft.NETCore.App\5.0.6\System.Collections.dll</ModulePath>
      <ModuleTime>2021-04-21T02:08:36Z</ModuleTime>
      <ModuleName>System.Collections</ModuleName>
      <Classes />
    </Module>
    <Module skippedDueTo="Filter" hash="06-16-31-64-FD-8A-A5-F3-B1-2C-E1-BB-C1-74-2D-02-7A-97-88-B5">
      <ModulePath>C:\Program Files\dotnet\shared\Microsoft.NETCore.App\5.0.6\System.Memory.dll</ModulePath>
      <ModuleTime>2021-04-21T02:09:04Z</ModuleTime>
      <ModuleName>System.Memory</ModuleName>
      <Classes />
    </Module>
    <Module skippedDueTo="Filter" hash="C6-F7-7D-F5-48-B0-58-86-D2-89-53-A6-69-4E-B8-D2-95-11-07-97">
      <ModulePath>C:\Program Files\dotnet\shared\Microsoft.NETCore.App\5.0.6\System.Runtime.InteropServices.dll</ModulePath>
      <ModuleTime>2021-04-21T02:09:16Z</ModuleTime>
      <ModuleName>System.Runtime.InteropServices</ModuleName>
      <Classes />
    </Module>
    <Module skippedDueTo="Filter" hash="26-3B-04-D3-56-56-D3-3F-98-B0-11-5B-34-17-F9-3F-29-04-25-65">
      <ModulePath>C:\Program Files\dotnet\shared\Microsoft.NETCore.App\5.0.6\System.Console.dll</ModulePath>
      <ModuleTime>2021-04-21T02:07:40Z</ModuleTime>
      <ModuleName>System.Console</ModuleName>
      <Classes />
    </Module>
    <Module skippedDueTo="Filter" hash="D8-5E-9D-63-96-2E-AC-C0-0E-1E-85-C5-6E-F9-78-05-91-34-E4-32">
      <ModulePath>C:\Program Files\dotnet\sdk\5.0.203\Microsoft.Build.dll</ModulePath>
      <ModuleTime>2021-04-24T01:36:44Z</ModuleTime>
      <ModuleName>Microsoft.Build</ModuleName>
      <Classes />
    </Module>
    <Module skippedDueTo="Filter" hash="A6-D6-54-F7-E0-B8-52-C6-EE-7B-79-15-D3-25-52-2B-1B-70-1D-DA">
      <ModulePath>C:\Program Files\dotnet\shared\Microsoft.NETCore.App\5.0.6\System.Diagnostics.Debug.dll</ModulePath>
      <ModuleTime>2021-04-21T02:07:40Z</ModuleTime>
      <ModuleName>System.Diagnostics.Debug</ModuleName>
      <Classes />
    </Module>
    <Module skippedDueTo="Filter" hash="A6-97-C1-98-E5-8F-A1-5A-5C-D8-CD-43-67-0A-CC-04-1C-66-BF-7B">
      <ModulePath>C:\Program Files\dotnet\shared\Microsoft.NETCore.App\5.0.6\Microsoft.Win32.Primitives.dll</ModulePath>
      <ModuleTime>2021-04-21T02:08:38Z</ModuleTime>
      <ModuleName>Microsoft.Win32.Primitives</ModuleName>
      <Classes />
    </Module>
    <Module skippedDueTo="Filter" hash="6C-FE-23-AB-C1-93-CF-EA-E1-20-88-76-65-F9-84-84-EF-9B-5F-B4">
      <ModulePath>C:\Program Files\dotnet\shared\Microsoft.NETCore.App\5.0.6\System.Text.Encoding.CodePages.dll</ModulePath>
      <ModuleTime>2021-04-21T02:08:54Z</ModuleTime>
      <ModuleName>System.Text.Encoding.CodePages</ModuleName>
      <Classes />
    </Module>
    <Module skippedDueTo="Filter" hash="BE-54-D5-64-CB-DF-8C-6F-0B-A7-C8-5D-BB-2D-1B-57-62-E0-58-BC">
      <ModulePath>C:\Program Files\dotnet\shared\Microsoft.NETCore.App\5.0.6\System.IO.Pipes.dll</ModulePath>
      <ModuleTime>2021-04-21T02:09:26Z</ModuleTime>
      <ModuleName>System.IO.Pipes</ModuleName>
      <Classes />
    </Module>
    <Module skippedDueTo="Filter" hash="AB-FD-36-92-73-99-D0-9B-A6-44-F9-F9-9E-46-2F-01-B2-32-A5-9F">
      <ModulePath>C:\Program Files\dotnet\shared\Microsoft.NETCore.App\5.0.6\System.Text.Encoding.Extensions.dll</ModulePath>
      <ModuleTime>2021-04-21T02:08:54Z</ModuleTime>
      <ModuleName>System.Text.Encoding.Extensions</ModuleName>
      <Classes />
    </Module>
    <Module skippedDueTo="Filter" hash="81-11-44-F7-8E-4C-5F-03-0C-41-A0-3D-0B-3D-44-6D-85-56-65-67">
      <ModulePath>C:\Program Files\dotnet\shared\Microsoft.NETCore.App\5.0.6\System.Security.AccessControl.dll</ModulePath>
      <ModuleTime>2021-04-21T02:08:28Z</ModuleTime>
      <ModuleName>System.Security.AccessControl</ModuleName>
      <Classes />
    </Module>
    <Module skippedDueTo="Filter" hash="C6-8E-05-2A-A3-FD-88-00-88-DA-09-3F-B7-BB-1B-61-B8-DA-A0-C7">
      <ModulePath>C:\Program Files\dotnet\shared\Microsoft.NETCore.App\5.0.6\System.Security.Principal.Windows.dll</ModulePath>
      <ModuleTime>2021-04-21T02:08:04Z</ModuleTime>
      <ModuleName>System.Security.Principal.Windows</ModuleName>
      <Classes />
    </Module>
    <Module skippedDueTo="Filter" hash="01-E4-AD-77-69-55-D7-DF-99-A6-2A-63-DE-48-98-3F-62-2A-9C-7C">
      <ModulePath>C:\Program Files\dotnet\shared\Microsoft.NETCore.App\5.0.6\System.Security.Claims.dll</ModulePath>
      <ModuleTime>2021-04-21T02:08:02Z</ModuleTime>
      <ModuleName>System.Security.Claims</ModuleName>
      <Classes />
    </Module>
    <Module skippedDueTo="Filter" hash="0F-4B-9D-D7-40-57-82-3E-D4-1A-CB-25-1C-E6-0D-D4-02-41-29-55">
      <ModulePath>C:\Program Files\dotnet\shared\Microsoft.NETCore.App\5.0.6\System.Threading.Overlapped.dll</ModulePath>
      <ModuleTime>2021-04-21T02:08:54Z</ModuleTime>
      <ModuleName>System.Threading.Overlapped</ModuleName>
      <Classes />
    </Module>
    <Module skippedDueTo="Filter" hash="66-87-2D-12-7A-17-17-10-2F-29-BA-EA-3B-59-9D-B3-38-91-82-C4">
      <ModulePath>C:\Program Files\dotnet\shared\Microsoft.NETCore.App\5.0.6\System.Threading.Thread.dll</ModulePath>
      <ModuleTime>2021-04-21T02:07:38Z</ModuleTime>
      <ModuleName>System.Threading.Thread</ModuleName>
      <Classes />
    </Module>
    <Module skippedDueTo="Filter" hash="0F-4B-9D-D7-40-57-82-3E-D4-1A-CB-25-1C-E6-0D-D4-02-41-29-55">
      <ModulePath>C:\Program Files\dotnet\shared\Microsoft.NETCore.App\5.0.6\System.Threading.Overlapped.dll</ModulePath>
      <ModuleTime>2021-04-21T02:08:54Z</ModuleTime>
      <ModuleName>System.Threading.Overlapped</ModuleName>
      <Classes />
    </Module>
    <Module skippedDueTo="Filter" hash="81-11-44-F7-8E-4C-5F-03-0C-41-A0-3D-0B-3D-44-6D-85-56-65-67">
      <ModulePath>C:\Program Files\dotnet\shared\Microsoft.NETCore.App\5.0.6\System.Security.AccessControl.dll</ModulePath>
      <ModuleTime>2021-04-21T02:08:28Z</ModuleTime>
      <ModuleName>System.Security.AccessControl</ModuleName>
      <Classes />
    </Module>
    <Module skippedDueTo="Filter" hash="C6-8E-05-2A-A3-FD-88-00-88-DA-09-3F-B7-BB-1B-61-B8-DA-A0-C7">
      <ModulePath>C:\Program Files\dotnet\shared\Microsoft.NETCore.App\5.0.6\System.Security.Principal.Windows.dll</ModulePath>
      <ModuleTime>2021-04-21T02:08:04Z</ModuleTime>
      <ModuleName>System.Security.Principal.Windows</ModuleName>
      <Classes />
    </Module>
    <Module skippedDueTo="Filter" hash="01-E4-AD-77-69-55-D7-DF-99-A6-2A-63-DE-48-98-3F-62-2A-9C-7C">
      <ModulePath>C:\Program Files\dotnet\shared\Microsoft.NETCore.App\5.0.6\System.Security.Claims.dll</ModulePath>
      <ModuleTime>2021-04-21T02:08:02Z</ModuleTime>
      <ModuleName>System.Security.Claims</ModuleName>
      <Classes />
    </Module>
    <Module skippedDueTo="Filter" hash="B6-0B-A5-93-79-3E-0A-09-9C-5B-4E-4B-4A-43-8D-44-33-37-61-2F">
      <ModulePath>C:\Program Files\dotnet\shared\Microsoft.NETCore.App\5.0.6\System.Diagnostics.FileVersionInfo.dll</ModulePath>
      <ModuleTime>2021-04-21T02:09:02Z</ModuleTime>
      <ModuleName>System.Diagnostics.FileVersionInfo</ModuleName>
      <Classes />
    </Module>
    <Module skippedDueTo="Filter" hash="99-70-F0-B7-06-52-34-79-5E-F9-6A-30-EB-A2-F3-DE-FB-BA-FE-5E">
      <ModulePath>C:\Program Files\dotnet\shared\Microsoft.NETCore.App\5.0.6\System.ObjectModel.dll</ModulePath>
      <ModuleTime>2021-04-21T02:07:58Z</ModuleTime>
      <ModuleName>System.ObjectModel</ModuleName>
      <Classes />
    </Module>
    <Module skippedDueTo="Filter" hash="BF-AD-12-B8-34-8C-C0-AF-F0-2B-8D-71-C4-75-AD-CF-C8-E5-5E-C5">
      <ModulePath>C:\Program Files\dotnet\shared\Microsoft.NETCore.App\5.0.6\System.Threading.Tasks.Dataflow.dll</ModulePath>
      <ModuleTime>2021-04-21T02:08:54Z</ModuleTime>
      <ModuleName>System.Threading.Tasks.Dataflow</ModuleName>
      <Classes />
    </Module>
    <Module skippedDueTo="Filter" hash="28-B9-84-5F-98-E7-1B-60-18-68-42-23-DF-C5-20-25-67-97-A1-0B">
      <ModulePath>C:\Program Files\dotnet\shared\Microsoft.NETCore.App\5.0.6\System.Runtime.Loader.dll</ModulePath>
      <ModuleTime>2021-04-21T02:08:02Z</ModuleTime>
      <ModuleName>System.Runtime.Loader</ModuleName>
      <Classes />
    </Module>
    <Module skippedDueTo="Filter" hash="F8-37-50-D1-71-59-8F-8C-83-14-C0-DC-0B-AC-9A-AF-5A-25-B5-4C">
      <ModulePath>C:\Program Files\dotnet\sdk\5.0.203\dotnet.dll</ModulePath>
      <ModuleTime>2021-04-24T01:36:38Z</ModuleTime>
      <ModuleName>dotnet</ModuleName>
      <Classes />
    </Module>
    <Module skippedDueTo="Filter" hash="18-6B-86-46-EA-4E-69-89-1E-2F-2E-0E-B8-24-98-E9-5F-B7-97-5A">
      <ModulePath>C:\Program Files\dotnet\shared\Microsoft.NETCore.App\5.0.6\System.Collections.Immutable.dll</ModulePath>
      <ModuleTime>2021-04-21T02:08:06Z</ModuleTime>
      <ModuleName>System.Collections.Immutable</ModuleName>
      <Classes />
    </Module>
    <Module skippedDueTo="Filter" hash="62-40-8C-E9-EE-13-D0-F6-77-56-9F-AF-82-A3-33-7F-18-BE-F5-80">
      <ModulePath>C:\Program Files\dotnet\sdk\5.0.203\Microsoft.DotNet.Configurer.dll</ModulePath>
      <ModuleTime>2021-04-24T01:36:44Z</ModuleTime>
      <ModuleName>Microsoft.DotNet.Configurer</ModuleName>
      <Classes />
    </Module>
    <Module skippedDueTo="Filter" hash="BB-CB-96-54-A3-20-D8-37-13-F0-CB-A9-54-DF-9D-2D-6D-2F-D4-57">
      <ModulePath>C:\Program Files\dotnet\shared\Microsoft.NETCore.App\5.0.6\System.Private.CoreLib.dll</ModulePath>
      <ModuleTime>2021-04-21T02:03:52Z</ModuleTime>
      <ModuleName>System.Private.CoreLib</ModuleName>
      <Classes />
    </Module>
    <Module skippedDueTo="Filter" hash="EF-83-13-F9-17-4C-1A-74-77-16-82-4D-A5-53-01-CD-CB-E1-09-D9">
      <ModulePath>C:\Program Files\dotnet\shared\Microsoft.NETCore.App\5.0.6\System.Resources.ResourceManager.dll</ModulePath>
      <ModuleTime>2021-04-21T02:08:26Z</ModuleTime>
      <ModuleName>System.Resources.ResourceManager</ModuleName>
      <Classes />
    </Module>
    <Module skippedDueTo="Filter" hash="17-95-A5-CF-E4-67-59-36-CC-75-95-F7-38-B2-C6-B6-56-DC-3E-ED">
      <ModulePath>C:\Program Files\dotnet\sdk\5.0.203\pt-BR\Microsoft.Build.resources.dll</ModulePath>
      <ModuleTime>2021-03-18T00:43:12Z</ModuleTime>
      <ModuleName>Microsoft.Build.resources</ModuleName>
      <Classes />
    </Module>
    <Module skippedDueTo="Filter" hash="95-67-13-11-33-F5-F8-12-14-51-62-D7-D8-E5-55-BC-F6-6B-C8-D5">
      <ModulePath>C:\Program Files\dotnet\sdk\5.0.203\MSBuild.dll</ModulePath>
      <ModuleTime>2021-04-24T01:36:10Z</ModuleTime>
      <ModuleName>MSBuild</ModuleName>
      <Classes />
    </Module>
    <Module skippedDueTo="Filter" hash="BC-4D-6A-23-98-BC-0A-A5-5B-BA-B4-CA-4D-E0-EF-EE-C1-80-F6-FD">
      <ModulePath>C:\Program Files\dotnet\shared\Microsoft.NETCore.App\5.0.6\System.Runtime.dll</ModulePath>
      <ModuleTime>2021-04-21T02:08:26Z</ModuleTime>
      <ModuleName>System.Runtime</ModuleName>
      <Classes />
    </Module>
    <Module skippedDueTo="Filter" hash="B0-BF-00-73-49-F0-F8-4B-E4-D9-49-65-A9-1D-F2-E2-16-7F-A1-71">
      <ModulePath>C:\Program Files\dotnet\shared\Microsoft.NETCore.App\5.0.6\System.Diagnostics.Tracing.dll</ModulePath>
      <ModuleTime>2021-04-21T02:08:10Z</ModuleTime>
      <ModuleName>System.Diagnostics.Tracing</ModuleName>
      <Classes />
    </Module>
    <Module skippedDueTo="Filter" hash="B8-70-A8-86-A2-90-C5-6A-E0-5E-D7-34-99-98-8F-8C-26-41-79-E6">
      <ModulePath>C:\Program Files\dotnet\shared\Microsoft.NETCore.App\5.0.6\System.Runtime.Extensions.dll</ModulePath>
      <ModuleTime>2021-04-21T02:07:36Z</ModuleTime>
      <ModuleName>System.Runtime.Extensions</ModuleName>
      <Classes />
    </Module>
    <Module skippedDueTo="Filter" hash="1A-1F-2E-19-1B-E2-1E-3F-FA-57-90-EE-D2-5A-66-0E-D9-0C-E5-59">
      <ModulePath>C:\Program Files\dotnet\shared\Microsoft.NETCore.App\5.0.6\System.Threading.dll</ModulePath>
      <ModuleTime>2021-04-21T02:08:04Z</ModuleTime>
      <ModuleName>System.Threading</ModuleName>
      <Classes />
    </Module>
    <Module skippedDueTo="Filter" hash="2D-7A-61-24-6E-31-96-A8-25-20-42-C8-3C-41-8E-8B-00-3D-A0-70">
      <ModulePath>C:\Program Files\dotnet\shared\Microsoft.NETCore.App\5.0.6\System.Threading.Tasks.dll</ModulePath>
      <ModuleTime>2021-04-21T02:08:32Z</ModuleTime>
      <ModuleName>System.Threading.Tasks</ModuleName>
      <Classes />
    </Module>
    <Module skippedDueTo="Filter" hash="C3-0D-2A-10-94-8A-FF-23-3B-25-A2-A5-FA-57-DF-3D-EC-2B-27-26">
      <ModulePath>C:\Program Files\dotnet\sdk\5.0.203\Microsoft.Build.Framework.dll</ModulePath>
      <ModuleTime>2021-04-24T01:36:40Z</ModuleTime>
      <ModuleName>Microsoft.Build.Framework</ModuleName>
      <Classes />
    </Module>
    <Module skippedDueTo="Filter" hash="64-37-C8-45-0C-47-0E-7C-A2-72-FC-41-05-22-81-BD-33-AA-53-3E">
      <ModulePath>C:\Program Files\dotnet\shared\Microsoft.NETCore.App\5.0.6\netstandard.dll</ModulePath>
      <ModuleTime>2021-04-21T02:07:40Z</ModuleTime>
      <ModuleName>netstandard</ModuleName>
      <Classes />
    </Module>
    <Module skippedDueTo="Filter" hash="A4-88-5A-7A-E9-58-06-21-C1-D0-93-5D-6C-52-19-94-1E-A5-7D-04">
      <ModulePath>C:\Program Files\dotnet\shared\Microsoft.NETCore.App\5.0.6\System.IO.FileSystem.dll</ModulePath>
      <ModuleTime>2021-04-21T02:09:48Z</ModuleTime>
      <ModuleName>System.IO.FileSystem</ModuleName>
      <Classes />
    </Module>
    <Module skippedDueTo="Filter" hash="E5-BA-99-4A-55-0F-EC-7D-F7-5B-C0-93-C4-6B-3E-A3-B9-3E-C4-E5">
      <ModulePath>C:\Program Files\dotnet\shared\Microsoft.NETCore.App\5.0.6\System.Runtime.InteropServices.RuntimeInformation.dll</ModulePath>
      <ModuleTime>2021-04-21T02:08:00Z</ModuleTime>
      <ModuleName>System.Runtime.InteropServices.RuntimeInformation</ModuleName>
      <Classes />
    </Module>
    <Module skippedDueTo="Filter" hash="1F-D5-93-01-F8-D2-E6-85-0C-DC-8A-F7-1A-92-32-88-EE-16-36-9D">
      <ModulePath>C:\Program Files\dotnet\shared\Microsoft.NETCore.App\5.0.6\System.Diagnostics.Process.dll</ModulePath>
      <ModuleTime>2021-04-21T02:07:40Z</ModuleTime>
      <ModuleName>System.Diagnostics.Process</ModuleName>
      <Classes />
    </Module>
    <Module skippedDueTo="Filter" hash="D5-6A-25-97-7F-08-6C-80-00-A6-81-47-AA-DB-EB-3B-3A-81-36-A0">
      <ModulePath>C:\Program Files\dotnet\shared\Microsoft.NETCore.App\5.0.6\System.ComponentModel.Primitives.dll</ModulePath>
      <ModuleTime>2021-04-21T02:09:02Z</ModuleTime>
      <ModuleName>System.ComponentModel.Primitives</ModuleName>
      <Classes />
    </Module>
    <Module skippedDueTo="Filter" hash="B2-75-4E-86-4E-5A-A4-D9-A1-DB-BF-92-60-A1-C8-37-5E-2D-F4-79">
      <ModulePath>C:\Program Files\dotnet\shared\Microsoft.NETCore.App\5.0.6\System.Linq.dll</ModulePath>
      <ModuleTime>2021-04-21T02:08:40Z</ModuleTime>
      <ModuleName>System.Linq</ModuleName>
      <Classes />
    </Module>
    <Module skippedDueTo="Filter" hash="93-D2-12-06-48-E7-56-71-97-32-18-71-B4-35-C2-6E-10-68-50-E0">
      <ModulePath>C:\Program Files\dotnet\shared\Microsoft.NETCore.App\5.0.6\System.Text.RegularExpressions.dll</ModulePath>
      <ModuleTime>2021-04-21T02:07:38Z</ModuleTime>
      <ModuleName>System.Text.RegularExpressions</ModuleName>
      <Classes />
    </Module>
    <Module skippedDueTo="Filter" hash="23-5D-A7-28-B1-76-A2-9B-52-DB-12-48-6C-3E-5E-24-71-E2-00-BC">
      <ModulePath>C:\Program Files\dotnet\shared\Microsoft.NETCore.App\5.0.6\System.Collections.Concurrent.dll</ModulePath>
      <ModuleTime>2021-04-21T02:08:36Z</ModuleTime>
      <ModuleName>System.Collections.Concurrent</ModuleName>
      <Classes />
    </Module>
    <Module skippedDueTo="Filter" hash="CD-B3-BE-90-02-0B-D5-0B-A6-0C-F9-23-DE-B4-F9-82-38-B2-DC-41">
      <ModulePath>C:\Program Files\dotnet\shared\Microsoft.NETCore.App\5.0.6\System.Collections.dll</ModulePath>
      <ModuleTime>2021-04-21T02:08:36Z</ModuleTime>
      <ModuleName>System.Collections</ModuleName>
      <Classes />
    </Module>
    <Module skippedDueTo="Filter" hash="06-16-31-64-FD-8A-A5-F3-B1-2C-E1-BB-C1-74-2D-02-7A-97-88-B5">
      <ModulePath>C:\Program Files\dotnet\shared\Microsoft.NETCore.App\5.0.6\System.Memory.dll</ModulePath>
      <ModuleTime>2021-04-21T02:09:04Z</ModuleTime>
      <ModuleName>System.Memory</ModuleName>
      <Classes />
    </Module>
    <Module skippedDueTo="Filter" hash="C6-F7-7D-F5-48-B0-58-86-D2-89-53-A6-69-4E-B8-D2-95-11-07-97">
      <ModulePath>C:\Program Files\dotnet\shared\Microsoft.NETCore.App\5.0.6\System.Runtime.InteropServices.dll</ModulePath>
      <ModuleTime>2021-04-21T02:09:16Z</ModuleTime>
      <ModuleName>System.Runtime.InteropServices</ModuleName>
      <Classes />
    </Module>
    <Module skippedDueTo="Filter" hash="26-3B-04-D3-56-56-D3-3F-98-B0-11-5B-34-17-F9-3F-29-04-25-65">
      <ModulePath>C:\Program Files\dotnet\shared\Microsoft.NETCore.App\5.0.6\System.Console.dll</ModulePath>
      <ModuleTime>2021-04-21T02:07:40Z</ModuleTime>
      <ModuleName>System.Console</ModuleName>
      <Classes />
    </Module>
    <Module skippedDueTo="Filter" hash="D8-5E-9D-63-96-2E-AC-C0-0E-1E-85-C5-6E-F9-78-05-91-34-E4-32">
      <ModulePath>C:\Program Files\dotnet\sdk\5.0.203\Microsoft.Build.dll</ModulePath>
      <ModuleTime>2021-04-24T01:36:44Z</ModuleTime>
      <ModuleName>Microsoft.Build</ModuleName>
      <Classes />
    </Module>
    <Module skippedDueTo="Filter" hash="A6-D6-54-F7-E0-B8-52-C6-EE-7B-79-15-D3-25-52-2B-1B-70-1D-DA">
      <ModulePath>C:\Program Files\dotnet\shared\Microsoft.NETCore.App\5.0.6\System.Diagnostics.Debug.dll</ModulePath>
      <ModuleTime>2021-04-21T02:07:40Z</ModuleTime>
      <ModuleName>System.Diagnostics.Debug</ModuleName>
      <Classes />
    </Module>
    <Module skippedDueTo="Filter" hash="A6-97-C1-98-E5-8F-A1-5A-5C-D8-CD-43-67-0A-CC-04-1C-66-BF-7B">
      <ModulePath>C:\Program Files\dotnet\shared\Microsoft.NETCore.App\5.0.6\Microsoft.Win32.Primitives.dll</ModulePath>
      <ModuleTime>2021-04-21T02:08:38Z</ModuleTime>
      <ModuleName>Microsoft.Win32.Primitives</ModuleName>
      <Classes />
    </Module>
    <Module skippedDueTo="Filter" hash="6C-FE-23-AB-C1-93-CF-EA-E1-20-88-76-65-F9-84-84-EF-9B-5F-B4">
      <ModulePath>C:\Program Files\dotnet\shared\Microsoft.NETCore.App\5.0.6\System.Text.Encoding.CodePages.dll</ModulePath>
      <ModuleTime>2021-04-21T02:08:54Z</ModuleTime>
      <ModuleName>System.Text.Encoding.CodePages</ModuleName>
      <Classes />
    </Module>
    <Module skippedDueTo="Filter" hash="BE-54-D5-64-CB-DF-8C-6F-0B-A7-C8-5D-BB-2D-1B-57-62-E0-58-BC">
      <ModulePath>C:\Program Files\dotnet\shared\Microsoft.NETCore.App\5.0.6\System.IO.Pipes.dll</ModulePath>
      <ModuleTime>2021-04-21T02:09:26Z</ModuleTime>
      <ModuleName>System.IO.Pipes</ModuleName>
      <Classes />
    </Module>
    <Module skippedDueTo="Filter" hash="AB-FD-36-92-73-99-D0-9B-A6-44-F9-F9-9E-46-2F-01-B2-32-A5-9F">
      <ModulePath>C:\Program Files\dotnet\shared\Microsoft.NETCore.App\5.0.6\System.Text.Encoding.Extensions.dll</ModulePath>
      <ModuleTime>2021-04-21T02:08:54Z</ModuleTime>
      <ModuleName>System.Text.Encoding.Extensions</ModuleName>
      <Classes />
    </Module>
    <Module skippedDueTo="Filter" hash="81-11-44-F7-8E-4C-5F-03-0C-41-A0-3D-0B-3D-44-6D-85-56-65-67">
      <ModulePath>C:\Program Files\dotnet\shared\Microsoft.NETCore.App\5.0.6\System.Security.AccessControl.dll</ModulePath>
      <ModuleTime>2021-04-21T02:08:28Z</ModuleTime>
      <ModuleName>System.Security.AccessControl</ModuleName>
      <Classes />
    </Module>
    <Module skippedDueTo="Filter" hash="C6-8E-05-2A-A3-FD-88-00-88-DA-09-3F-B7-BB-1B-61-B8-DA-A0-C7">
      <ModulePath>C:\Program Files\dotnet\shared\Microsoft.NETCore.App\5.0.6\System.Security.Principal.Windows.dll</ModulePath>
      <ModuleTime>2021-04-21T02:08:04Z</ModuleTime>
      <ModuleName>System.Security.Principal.Windows</ModuleName>
      <Classes />
    </Module>
    <Module skippedDueTo="Filter" hash="01-E4-AD-77-69-55-D7-DF-99-A6-2A-63-DE-48-98-3F-62-2A-9C-7C">
      <ModulePath>C:\Program Files\dotnet\shared\Microsoft.NETCore.App\5.0.6\System.Security.Claims.dll</ModulePath>
      <ModuleTime>2021-04-21T02:08:02Z</ModuleTime>
      <ModuleName>System.Security.Claims</ModuleName>
      <Classes />
    </Module>
    <Module skippedDueTo="Filter" hash="0F-4B-9D-D7-40-57-82-3E-D4-1A-CB-25-1C-E6-0D-D4-02-41-29-55">
      <ModulePath>C:\Program Files\dotnet\shared\Microsoft.NETCore.App\5.0.6\System.Threading.Overlapped.dll</ModulePath>
      <ModuleTime>2021-04-21T02:08:54Z</ModuleTime>
      <ModuleName>System.Threading.Overlapped</ModuleName>
      <Classes />
    </Module>
    <Module skippedDueTo="Filter" hash="66-87-2D-12-7A-17-17-10-2F-29-BA-EA-3B-59-9D-B3-38-91-82-C4">
      <ModulePath>C:\Program Files\dotnet\shared\Microsoft.NETCore.App\5.0.6\System.Threading.Thread.dll</ModulePath>
      <ModuleTime>2021-04-21T02:07:38Z</ModuleTime>
      <ModuleName>System.Threading.Thread</ModuleName>
      <Classes />
    </Module>
    <Module skippedDueTo="Filter" hash="B6-0B-A5-93-79-3E-0A-09-9C-5B-4E-4B-4A-43-8D-44-33-37-61-2F">
      <ModulePath>C:\Program Files\dotnet\shared\Microsoft.NETCore.App\5.0.6\System.Diagnostics.FileVersionInfo.dll</ModulePath>
      <ModuleTime>2021-04-21T02:09:02Z</ModuleTime>
      <ModuleName>System.Diagnostics.FileVersionInfo</ModuleName>
      <Classes />
    </Module>
    <Module skippedDueTo="Filter" hash="AC-B5-77-D5-85-33-3B-79-AA-DB-20-09-0F-90-7A-17-C0-3F-78-FD">
      <ModulePath>C:\Program Files\dotnet\shared\Microsoft.NETCore.App\5.0.6\System.Xml.ReaderWriter.dll</ModulePath>
      <ModuleTime>2021-04-21T02:07:50Z</ModuleTime>
      <ModuleName>System.Xml.ReaderWriter</ModuleName>
      <Classes />
    </Module>
    <Module skippedDueTo="Filter" hash="99-70-F0-B7-06-52-34-79-5E-F9-6A-30-EB-A2-F3-DE-FB-BA-FE-5E">
      <ModulePath>C:\Program Files\dotnet\shared\Microsoft.NETCore.App\5.0.6\System.ObjectModel.dll</ModulePath>
      <ModuleTime>2021-04-21T02:07:58Z</ModuleTime>
      <ModuleName>System.ObjectModel</ModuleName>
      <Classes />
    </Module>
    <Module skippedDueTo="Filter" hash="85-D9-7A-BA-2A-90-01-7B-F1-67-FE-8E-3F-0D-E4-D2-6B-58-3F-2D">
      <ModulePath>C:\Program Files\dotnet\shared\Microsoft.NETCore.App\5.0.6\System.Private.Xml.dll</ModulePath>
      <ModuleTime>2021-04-21T02:09:36Z</ModuleTime>
      <ModuleName>System.Private.Xml</ModuleName>
      <Classes />
    </Module>
    <Module skippedDueTo="Filter" hash="40-F0-E8-02-D0-A8-E8-9E-58-38-02-F0-84-5A-87-5F-98-31-17-A5">
      <ModulePath>C:\Program Files\dotnet\shared\Microsoft.NETCore.App\5.0.6\System.Security.Cryptography.Algorithms.dll</ModulePath>
      <ModuleTime>2021-04-21T02:08:04Z</ModuleTime>
      <ModuleName>System.Security.Cryptography.Algorithms</ModuleName>
      <Classes />
    </Module>
    <Module skippedDueTo="Filter" hash="4E-80-E7-38-D7-0E-6C-30-4E-6B-23-31-DF-D8-9C-58-D9-BD-7E-75">
      <ModulePath>C:\Program Files\dotnet\shared\Microsoft.NETCore.App\5.0.6\System.Private.Uri.dll</ModulePath>
      <ModuleTime>2021-04-21T02:07:36Z</ModuleTime>
      <ModuleName>System.Private.Uri</ModuleName>
      <Classes />
    </Module>
    <Module skippedDueTo="Filter" hash="BF-AD-12-B8-34-8C-C0-AF-F0-2B-8D-71-C4-75-AD-CF-C8-E5-5E-C5">
      <ModulePath>C:\Program Files\dotnet\shared\Microsoft.NETCore.App\5.0.6\System.Threading.Tasks.Dataflow.dll</ModulePath>
      <ModuleTime>2021-04-21T02:08:54Z</ModuleTime>
      <ModuleName>System.Threading.Tasks.Dataflow</ModuleName>
      <Classes />
    </Module>
    <Module skippedDueTo="Filter" hash="28-B9-84-5F-98-E7-1B-60-18-68-42-23-DF-C5-20-25-67-97-A1-0B">
      <ModulePath>C:\Program Files\dotnet\shared\Microsoft.NETCore.App\5.0.6\System.Runtime.Loader.dll</ModulePath>
      <ModuleTime>2021-04-21T02:08:02Z</ModuleTime>
      <ModuleName>System.Runtime.Loader</ModuleName>
      <Classes />
    </Module>
    <Module skippedDueTo="Filter" hash="1B-BA-41-FA-36-EF-D6-19-A0-83-5C-24-F6-C8-68-15-99-C3-2D-C8">
      <ModulePath>C:\Program Files\dotnet\shared\Microsoft.NETCore.App\5.0.6\Microsoft.Win32.Registry.dll</ModulePath>
      <ModuleTime>2021-04-21T02:09:26Z</ModuleTime>
      <ModuleName>Microsoft.Win32.Registry</ModuleName>
      <Classes />
    </Module>
    <Module skippedDueTo="Filter" hash="F8-37-50-D1-71-59-8F-8C-83-14-C0-DC-0B-AC-9A-AF-5A-25-B5-4C">
      <ModulePath>C:\Program Files\dotnet\sdk\5.0.203\dotnet.dll</ModulePath>
      <ModuleTime>2021-04-24T01:36:38Z</ModuleTime>
      <ModuleName>dotnet</ModuleName>
      <Classes />
    </Module>
    <Module skippedDueTo="Filter" hash="18-6B-86-46-EA-4E-69-89-1E-2F-2E-0E-B8-24-98-E9-5F-B7-97-5A">
      <ModulePath>C:\Program Files\dotnet\shared\Microsoft.NETCore.App\5.0.6\System.Collections.Immutable.dll</ModulePath>
      <ModuleTime>2021-04-21T02:08:06Z</ModuleTime>
      <ModuleName>System.Collections.Immutable</ModuleName>
      <Classes />
    </Module>
    <Module skippedDueTo="Filter" hash="62-40-8C-E9-EE-13-D0-F6-77-56-9F-AF-82-A3-33-7F-18-BE-F5-80">
      <ModulePath>C:\Program Files\dotnet\sdk\5.0.203\Microsoft.DotNet.Configurer.dll</ModulePath>
      <ModuleTime>2021-04-24T01:36:44Z</ModuleTime>
      <ModuleName>Microsoft.DotNet.Configurer</ModuleName>
      <Classes />
    </Module>
    <Module skippedDueTo="Filter" hash="EF-83-13-F9-17-4C-1A-74-77-16-82-4D-A5-53-01-CD-CB-E1-09-D9">
      <ModulePath>C:\Program Files\dotnet\shared\Microsoft.NETCore.App\5.0.6\System.Resources.ResourceManager.dll</ModulePath>
      <ModuleTime>2021-04-21T02:08:26Z</ModuleTime>
      <ModuleName>System.Resources.ResourceManager</ModuleName>
      <Classes />
    </Module>
    <Module skippedDueTo="Filter" hash="E3-1C-30-B1-3D-FC-9A-CA-A0-C5-EE-4D-56-84-BD-83-E8-AE-2A-E8">
      <ModulePath>C:\Program Files\dotnet\shared\Microsoft.NETCore.App\5.0.6\System.Diagnostics.TraceSource.dll</ModulePath>
      <ModuleTime>2021-04-21T02:13:14Z</ModuleTime>
      <ModuleName>System.Diagnostics.TraceSource</ModuleName>
      <Classes />
    </Module>
    <Module skippedDueTo="Filter" hash="17-95-A5-CF-E4-67-59-36-CC-75-95-F7-38-B2-C6-B6-56-DC-3E-ED">
      <ModulePath>C:\Program Files\dotnet\sdk\5.0.203\pt-BR\Microsoft.Build.resources.dll</ModulePath>
      <ModuleTime>2021-03-18T00:43:12Z</ModuleTime>
      <ModuleName>Microsoft.Build.resources</ModuleName>
      <Classes />
    </Module>
    <Module skippedDueTo="Filter" hash="AC-B5-77-D5-85-33-3B-79-AA-DB-20-09-0F-90-7A-17-C0-3F-78-FD">
      <ModulePath>C:\Program Files\dotnet\shared\Microsoft.NETCore.App\5.0.6\System.Xml.ReaderWriter.dll</ModulePath>
      <ModuleTime>2021-04-21T02:07:50Z</ModuleTime>
      <ModuleName>System.Xml.ReaderWriter</ModuleName>
      <Classes />
    </Module>
    <Module skippedDueTo="Filter" hash="85-D9-7A-BA-2A-90-01-7B-F1-67-FE-8E-3F-0D-E4-D2-6B-58-3F-2D">
[...]
              <SequencePoints />
              <BranchPoints />
              <MethodPoint vc="0" uspid="398" ordinal="0" offset="0" />
            </Method>
          </Methods>
        </Class>
        <Class>
          <Summary numSequencePoints="0" visitedSequencePoints="0" numBranchPoints="0" visitedBranchPoints="0" sequenceCoverage="0" branchCoverage="0" maxCyclomaticComplexity="1" minCyclomaticComplexity="1" maxCrapScore="2" minCrapScore="2" visitedClasses="0" numClasses="0" visitedMethods="0" numMethods="0" />
          <FullName>BancoDigital.Servicos.ContaDigitalService/&lt;&gt;c__DisplayClass5_0</FullName>
          <Methods>
            <Method visited="false" cyclomaticComplexity="1" nPathComplexity="0" sequenceCoverage="0" branchCoverage="0" crapScore="2" isConstructor="true" isStatic="false" isGetter="false" isSetter="false">
              <Summary numSequencePoints="0" visitedSequencePoints="0" numBranchPoints="0" visitedBranchPoints="0" sequenceCoverage="0" branchCoverage="0" maxCyclomaticComplexity="1" minCyclomaticComplexity="1" maxCrapScore="2" minCrapScore="2" visitedClasses="0" numClasses="0" visitedMethods="0" numMethods="0" />
              <MetadataToken>100663309</MetadataToken>
              <Name>System.Void BancoDigital.Servicos.ContaDigitalService/&lt;&gt;c__DisplayClass5_0::.ctor()</Name>
              <SequencePoints />
              <BranchPoints />
              <MethodPoint vc="0" uspid="399" ordinal="0" offset="0" />
            </Method>
          </Methods>
        </Class>
        <Class>
          <Summary numSequencePoints="1" visitedSequencePoints="1" numBranchPoints="1" visitedBranchPoints="1" sequenceCoverage="100" branchCoverage="100" maxCyclomaticComplexity="1" minCyclomaticComplexity="1" maxCrapScore="2" minCrapScore="1" visitedClasses="1" numClasses="1" visitedMethods="1" numMethods="1" />
          <FullName>BancoDigital.Servicos.ContaDigitalService/&lt;&gt;c</FullName>
          <Methods>
            <Method visited="false" cyclomaticComplexity="1" nPathComplexity="0" sequenceCoverage="0" branchCoverage="0" crapScore="2" isConstructor="true" isStatic="true" isGetter="false" isSetter="false">
              <Summary numSequencePoints="0" visitedSequencePoints="0" numBranchPoints="0" visitedBranchPoints="0" sequenceCoverage="0" branchCoverage="0" maxCyclomaticComplexity="1" minCyclomaticComplexity="1" maxCrapScore="2" minCrapScore="2" visitedClasses="0" numClasses="0" visitedMethods="0" numMethods="0" />
              <MetadataToken>100663310</MetadataToken>
              <Name>System.Void BancoDigital.Servicos.ContaDigitalService/&lt;&gt;c::.cctor()</Name>
              <SequencePoints />
              <BranchPoints />
              <MethodPoint vc="0" uspid="400" ordinal="0" offset="0" />
            </Method>
            <Method visited="false" cyclomaticComplexity="1" nPathComplexity="0" sequenceCoverage="0" branchCoverage="0" crapScore="2" isConstructor="true" isStatic="false" isGetter="false" isSetter="false">
              <Summary numSequencePoints="0" visitedSequencePoints="0" numBranchPoints="0" visitedBranchPoints="0" sequenceCoverage="0" branchCoverage="0" maxCyclomaticComplexity="1" minCyclomaticComplexity="1" maxCrapScore="2" minCrapScore="2" visitedClasses="0" numClasses="0" visitedMethods="0" numMethods="0" />
              <MetadataToken>100663311</MetadataToken>
              <Name>System.Void BancoDigital.Servicos.ContaDigitalService/&lt;&gt;c::.ctor()</Name>
              <SequencePoints />
              <BranchPoints />
              <MethodPoint vc="0" uspid="401" ordinal="0" offset="0" />
            </Method>
            <Method visited="true" cyclomaticComplexity="1" nPathComplexity="0" sequenceCoverage="100" branchCoverage="100" crapScore="1" isConstructor="false" isStatic="false" isGetter="false" isSetter="false">
              <Summary numSequencePoints="1" visitedSequencePoints="1" numBranchPoints="1" visitedBranchPoints="1" sequenceCoverage="100" branchCoverage="100" maxCyclomaticComplexity="1" minCyclomaticComplexity="1" maxCrapScore="1" minCrapScore="1" visitedClasses="0" numClasses="0" visitedMethods="1" numMethods="1" />
              <MetadataToken>100663312</MetadataToken>
              <Name>System.Int64 BancoDigital.Servicos.ContaDigitalService/&lt;&gt;c::&lt;SaldoContaDigital&gt;b__5_1(BancoDigital.Entidades.Movimento)</Name>
              <FileRef uid="65" />
              <SequencePoints>
                <SequencePoint vc="2" uspid="402" ordinal="0" offset="0" sl="43" sc="47" el="43" ec="51" bec="0" bev="0" fileid="65" />
              </SequencePoints>
              <BranchPoints />
              <MethodPoint xsi:type="SequencePoint" vc="2" uspid="402" ordinal="0" offset="0" sl="43" sc="47" el="43" ec="51" bec="0" bev="0" fileid="65" />
            </Method>
          </Methods>
        </Class>
        <Class>
          <Summary numSequencePoints="15" visitedSequencePoints="15" numBranchPoints="5" visitedBranchPoints="4" sequenceCoverage="100" branchCoverage="80" maxCyclomaticComplexity="7" minCyclomaticComplexity="1" maxCrapScore="7" minCrapScore="2" visitedClasses="1" numClasses="1" visitedMethods="1" numMethods="1" />
          <FullName>BancoDigital.Servicos.ContaDigitalService/&lt;Depositar&gt;d__6</FullName>
          <Methods>
            <Method visited="false" cyclomaticComplexity="1" nPathComplexity="0" sequenceCoverage="0" branchCoverage="0" crapScore="2" isConstructor="true" isStatic="false" isGetter="false" isSetter="false">
              <Summary numSequencePoints="0" visitedSequencePoints="0" numBranchPoints="0" visitedBranchPoints="0" sequenceCoverage="0" branchCoverage="0" maxCyclomaticComplexity="1" minCyclomaticComplexity="1" maxCrapScore="2" minCrapScore="2" visitedClasses="0" numClasses="0" visitedMethods="0" numMethods="0" />
              <MetadataToken>100663313</MetadataToken>
              <Name>System.Void BancoDigital.Servicos.ContaDigitalService/&lt;Depositar&gt;d__6::.ctor()</Name>
              <SequencePoints />
              <BranchPoints />
              <MethodPoint vc="0" uspid="403" ordinal="0" offset="0" />
            </Method>
            <Method visited="true" cyclomaticComplexity="7" nPathComplexity="4" sequenceCoverage="100" branchCoverage="80" crapScore="7" isConstructor="false" isStatic="false" isGetter="false" isSetter="false">
              <Summary numSequencePoints="15" visitedSequencePoints="15" numBranchPoints="5" visitedBranchPoints="4" sequenceCoverage="100" branchCoverage="80" maxCyclomaticComplexity="7" minCyclomaticComplexity="7" maxCrapScore="7" minCrapScore="7" visitedClasses="0" numClasses="0" visitedMethods="1" numMethods="1" />
              <MetadataToken>100663314</MetadataToken>
              <Name>System.Void BancoDigital.Servicos.ContaDigitalService/&lt;Depositar&gt;d__6::MoveNext()</Name>
              <FileRef uid="65" />
              <SequencePoints>
                <SequencePoint vc="3" uspid="404" ordinal="0" offset="28" sl="54" sc="9" el="54" ec="10" bec="0" bev="0" fileid="65" />
                <SequencePoint vc="3" uspid="405" ordinal="1" offset="29" sl="55" sc="13" el="55" ec="36" bec="2" bev="2" fileid="65" />
                <SequencePoint vc="2" uspid="406" ordinal="2" offset="53" sl="56" sc="13" el="56" ec="14" bec="0" bev="0" fileid="65" />
                <SequencePoint vc="2" uspid="407" ordinal="3" offset="54" sl="57" sc="17" el="57" ec="51" bec="0" bev="0" fileid="65" />
                <SequencePoint vc="2" uspid="408" ordinal="4" offset="77" sl="59" sc="17" el="59" ec="35" bec="2" bev="1" fileid="65" />
                <SequencePoint vc="2" uspid="409" ordinal="5" offset="93" sl="60" sc="17" el="60" ec="18" bec="0" bev="0" fileid="65" />
                <SequencePoint vc="2" uspid="410" ordinal="6" offset="94" sl="61" sc="21" el="61" ec="80" bec="0" bev="0" fileid="65" />
                <SequencePoint vc="2" uspid="411" ordinal="7" offset="112" sl="63" sc="21" el="63" ec="69" bec="0" bev="0" fileid="65" />
                <SequencePoint vc="2" uspid="412" ordinal="8" offset="135" sl="64" sc="21" el="64" ec="95" bec="0" bev="0" fileid="65" />
                <SequencePoint vc="2" uspid="413" ordinal="9" offset="171" sl="65" sc="21" el="65" ec="49" bec="0" bev="0" fileid="65" />
                <SequencePoint vc="2" uspid="414" ordinal="10" offset="194" sl="66" sc="21" el="66" ec="64" bec="0" bev="0" fileid="65" />
                <SequencePoint vc="2" uspid="415" ordinal="11" offset="310" sl="67" sc="21" el="67" ec="53" bec="0" bev="0" fileid="65" />
                <SequencePoint vc="2" uspid="416" ordinal="12" offset="417" sl="69" sc="21" el="69" ec="51" bec="0" bev="0" fileid="65" />
                <SequencePoint vc="1" uspid="418" ordinal="14" offset="445" sl="73" sc="13" el="73" ec="33" bec="0" bev="0" fileid="65" />
                <SequencePoint vc="3" uspid="419" ordinal="15" offset="485" sl="74" sc="9" el="74" ec="10" bec="0" bev="0" fileid="65" />
              </SequencePoints>
              <BranchPoints>
                <BranchPoint vc="2" uspid="420" ordinal="0" offset="48" sl="55" path="0" offsetend="53" fileid="65" />
                <BranchPoint vc="1" uspid="421" ordinal="1" offset="48" sl="55" path="1" offsetend="445" fileid="65" />
                <BranchPoint vc="2" uspid="422" ordinal="2" offset="88" sl="59" path="0" offsetend="93" fileid="65" />
                <BranchPoint vc="0" uspid="423" ordinal="3" offset="88" sl="59" path="1" offsetend="437" fileid="65" />
              </BranchPoints>
              <MethodPoint vc="3" uspid="424" ordinal="0" offset="0" />
            </Method>
            <Method visited="false" cyclomaticComplexity="1" nPathComplexity="0" sequenceCoverage="0" branchCoverage="0" crapScore="2" isConstructor="false" isStatic="false" isGetter="false" isSetter="false">
              <Summary numSequencePoints="0" visitedSequencePoints="0" numBranchPoints="0" visitedBranchPoints="0" sequenceCoverage="0" branchCoverage="0" maxCyclomaticComplexity="1" minCyclomaticComplexity="1" maxCrapScore="2" minCrapScore="2" visitedClasses="0" numClasses="0" visitedMethods="0" numMethods="0" />
              <MetadataToken>100663315</MetadataToken>
              <Name>System.Void BancoDigital.Servicos.ContaDigitalService/&lt;Depositar&gt;d__6::SetStateMachine(System.Runtime.CompilerServices.IAsyncStateMachine)</Name>
              <SequencePoints />
              <BranchPoints />
              <MethodPoint vc="0" uspid="425" ordinal="0" offset="0" />
            </Method>
          </Methods>
        </Class>
        <Class>
          <Summary numSequencePoints="19" visitedSequencePoints="19" numBranchPoints="9" visitedBranchPoints="8" sequenceCoverage="100" branchCoverage="88.89" maxCyclomaticComplexity="9" minCyclomaticComplexity="1" maxCrapScore="9" minCrapScore="2" visitedClasses="1" numClasses="1" visitedMethods="1" numMethods="1" />
          <FullName>BancoDigital.Servicos.ContaDigitalService/&lt;Sacar&gt;d__7</FullName>
          <Methods>
            <Method visited="false" cyclomaticComplexity="1" nPathComplexity="0" sequenceCoverage="0" branchCoverage="0" crapScore="2" isConstructor="true" isStatic="false" isGetter="false" isSetter="false">
              <Summary numSequencePoints="0" visitedSequencePoints="0" numBranchPoints="0" visitedBranchPoints="0" sequenceCoverage="0" branchCoverage="0" maxCyclomaticComplexity="1" minCyclomaticComplexity="1" maxCrapScore="2" minCrapScore="2" visitedClasses="0" numClasses="0" visitedMethods="0" numMethods="0" />
              <MetadataToken>100663316</MetadataToken>
              <Name>System.Void BancoDigital.Servicos.ContaDigitalService/&lt;Sacar&gt;d__7::.ctor()</Name>
              <SequencePoints />
              <BranchPoints />
              <MethodPoint vc="0" uspid="426" ordinal="0" offset="0" />
            </Method>
            <Method visited="true" cyclomaticComplexity="9" nPathComplexity="16" sequenceCoverage="100" branchCoverage="88.89" crapScore="9" isConstructor="false" isStatic="false" isGetter="false" isSetter="false">
              <Summary numSequencePoints="19" visitedSequencePoints="19" numBranchPoints="9" visitedBranchPoints="8" sequenceCoverage="100" branchCoverage="88.89" maxCyclomaticComplexity="9" minCyclomaticComplexity="9" maxCrapScore="9" minCrapScore="9" visitedClasses="0" numClasses="0" visitedMethods="1" numMethods="1" />
              <MetadataToken>100663317</MetadataToken>
              <Name>System.Void BancoDigital.Servicos.ContaDigitalService/&lt;Sacar&gt;d__7::MoveNext()</Name>
              <FileRef uid="65" />
              <SequencePoints>
                <SequencePoint vc="3" uspid="427" ordinal="0" offset="28" sl="77" sc="9" el="77" ec="10" bec="0" bev="0" fileid="65" />
                <SequencePoint vc="3" uspid="428" ordinal="1" offset="29" sl="78" sc="13" el="78" ec="36" bec="2" bev="2" fileid="65" />
                <SequencePoint vc="2" uspid="429" ordinal="2" offset="53" sl="79" sc="13" el="79" ec="14" bec="0" bev="0" fileid="65" />
                <SequencePoint vc="2" uspid="430" ordinal="3" offset="54" sl="80" sc="17" el="80" ec="51" bec="0" bev="0" fileid="65" />
                <SequencePoint vc="2" uspid="431" ordinal="4" offset="77" sl="82" sc="17" el="82" ec="35" bec="2" bev="1" fileid="65" />
                <SequencePoint vc="2" uspid="432" ordinal="5" offset="93" sl="83" sc="17" el="83" ec="18" bec="0" bev="0" fileid="65" />
                <SequencePoint vc="2" uspid="433" ordinal="6" offset="94" sl="84" sc="21" el="84" ec="74" bec="0" bev="0" fileid="65" />
                <SequencePoint vc="2" uspid="434" ordinal="7" offset="112" sl="86" sc="21" el="86" ec="69" bec="0" bev="0" fileid="65" />
                <SequencePoint vc="2" uspid="435" ordinal="8" offset="135" sl="87" sc="21" el="87" ec="92" bec="0" bev="0" fileid="65" />
                <SequencePoint vc="2" uspid="436" ordinal="9" offset="165" sl="88" sc="21" el="88" ec="46" bec="0" bev="0" fileid="65" />
                <SequencePoint vc="2" uspid="437" ordinal="10" offset="188" sl="90" sc="21" el="90" ec="59" bec="4" bev="4" fileid="65" />
                <SequencePoint vc="1" uspid="438" ordinal="11" offset="234" sl="91" sc="21" el="91" ec="22" bec="0" bev="0" fileid="65" />
                <SequencePoint vc="1" uspid="439" ordinal="12" offset="235" sl="92" sc="25" el="92" ec="50" bec="0" bev="0" fileid="65" />
                <SequencePoint vc="1" uspid="440" ordinal="13" offset="253" sl="94" sc="25" el="94" ec="65" bec="0" bev="0" fileid="65" />
                <SequencePoint vc="1" uspid="441" ordinal="14" offset="369" sl="95" sc="25" el="95" ec="57" bec="0" bev="0" fileid="65" />
                <SequencePoint vc="1" uspid="442" ordinal="15" offset="479" sl="97" sc="25" el="97" ec="52" bec="0" bev="0" fileid="65" />
                <SequencePoint vc="1" uspid="443" ordinal="16" offset="499" sl="100" sc="25" el="100" ec="45" bec="0" bev="0" fileid="65" />
                <SequencePoint vc="1" uspid="445" ordinal="18" offset="523" sl="104" sc="13" el="104" ec="33" bec="0" bev="0" fileid="65" />
                <SequencePoint vc="3" uspid="446" ordinal="19" offset="563" sl="105" sc="9" el="105" ec="10" bec="0" bev="0" fileid="65" />
              </SequencePoints>
              <BranchPoints>
                <BranchPoint vc="2" uspid="447" ordinal="0" offset="48" sl="78" path="0" offsetend="53" fileid="65" />
                <BranchPoint vc="1" uspid="448" ordinal="1" offset="48" sl="78" path="1" offsetend="523" fileid="65" />
                <BranchPoint vc="2" uspid="449" ordinal="2" offset="88" sl="82" path="0" offsetend="93" fileid="65" />
                <BranchPoint vc="0" uspid="450" ordinal="3" offset="88" sl="82" path="1" offsetend="515" fileid="65" />
                <BranchPoint vc="1" uspid="451" ordinal="4" offset="204" sl="90" path="0" offsetend="206" fileid="65" />
                <BranchPoint vc="1" uspid="452" ordinal="5" offset="204" sl="90" path="1" offsetend="224" fileid="65" />
                <BranchPoint vc="1" uspid="453" ordinal="6" offset="229" sl="90" path="0" offsetend="234" fileid="65" />
                <BranchPoint vc="1" uspid="454" ordinal="7" offset="229" sl="90" path="1" offsetend="499" fileid="65" />
              </BranchPoints>
              <MethodPoint vc="3" uspid="455" ordinal="0" offset="0" />
            </Method>
            <Method visited="false" cyclomaticComplexity="1" nPathComplexity="0" sequenceCoverage="0" branchCoverage="0" crapScore="2" isConstructor="false" isStatic="false" isGetter="false" isSetter="false">
              <Summary numSequencePoints="0" visitedSequencePoints="0" numBranchPoints="0" visitedBranchPoints="0" sequenceCoverage="0" branchCoverage="0" maxCyclomaticComplexity="1" minCyclomaticComplexity="1" maxCrapScore="2" minCrapScore="2" visitedClasses="0" numClasses="0" visitedMethods="0" numMethods="0" />
              <MetadataToken>100663318</MetadataToken>
              <Name>System.Void BancoDigital.Servicos.ContaDigitalService/&lt;Sacar&gt;d__7::SetStateMachine(System.Runtime.CompilerServices.IAsyncStateMachine)</Name>
              <SequencePoints />
              <BranchPoints />
              <MethodPoint vc="0" uspid="456" ordinal="0" offset="0" />
            </Method>
          </Methods>
        </Class>
        <Class>
          <Summary numSequencePoints="0" visitedSequencePoints="0" numBranchPoints="0" visitedBranchPoints="0" sequenceCoverage="0" branchCoverage="0" maxCyclomaticComplexity="1" minCyclomaticComplexity="1" maxCrapScore="2" minCrapScore="2" visitedClasses="0" numClasses="0" visitedMethods="0" numMethods="0" />
          <FullName>BancoDigital.Servicos.ContaDigitalService/&lt;&gt;c__DisplayClass8_0</FullName>
          <Methods>
            <Method visited="false" cyclomaticComplexity="1" nPathComplexity="0" sequenceCoverage="0" branchCoverage="0" crapScore="2" isConstructor="true" isStatic="false" isGetter="false" isSetter="false">
              <Summary numSequencePoints="0" visitedSequencePoints="0" numBranchPoints="0" visitedBranchPoints="0" sequenceCoverage="0" branchCoverage="0" maxCyclomaticComplexity="1" minCyclomaticComplexity="1" maxCrapScore="2" minCrapScore="2" visitedClasses="0" numClasses="0" visitedMethods="0" numMethods="0" />
              <MetadataToken>100663319</MetadataToken>
              <Name>System.Void BancoDigital.Servicos.ContaDigitalService/&lt;&gt;c__DisplayClass8_0::.ctor()</Name>
              <SequencePoints />
              <BranchPoints />
              <MethodPoint vc="0" uspid="457" ordinal="0" offset="0" />
            </Method>
          </Methods>
        </Class>
      </Classes>
    </Module>
    <Module skippedDueTo="Filter" hash="DB-39-74-11-A6-FC-26-18-15-99-F2-4E-7E-F1-87-E2-02-4B-27-96">
      <ModulePath>C:\Projetos\BancoDigital\BancoDigital.Testes\bin\Debug\netcoreapp3.1\nunit.engine.dll</ModulePath>
      <ModuleTime>2021-01-17T22:32:56Z</ModuleTime>
      <ModuleName>nunit.engine</ModuleName>
      <Classes />
    </Module>
    <Module skippedDueTo="Filter" hash="9F-17-17-29-F6-EA-D7-1D-8D-95-E9-3F-61-E4-EC-BA-A2-98-80-36">
      <ModulePath>C:\Projetos\BancoDigital\BancoDigital.Testes\bin\Debug\netcoreapp3.1\nunit.engine.core.dll</ModulePath>
      <ModuleTime>2021-01-17T22:32:56Z</ModuleTime>
      <ModuleName>nunit.engine.core</ModuleName>
      <Classes />
    </Module>
    <Module skippedDueTo="Filter" hash="A1-83-3C-C7-0E-22-F8-60-70-56-14-DE-5F-20-77-10-81-C5-89-6E">
      <ModulePath>C:\Projetos\BancoDigital\BancoDigital.Testes\bin\Debug\netcoreapp3.1\testcentric.engine.metadata.dll</ModulePath>
      <ModuleTime>2020-09-03T19:49:50Z</ModuleTime>
      <ModuleName>testcentric.engine.metadata</ModuleName>
      <Classes />
    </Module>
  </Modules>
</CoverageSession>